<?xml version="1.0" encoding="utf-8"?>
<CoverageSession xmlns:xsd="http://www.w3.org/2001/XMLSchema" xmlns:xsi="http://www.w3.org/2001/XMLSchema-instance" Version="4.6.0.0">
  <Summary numSequencePoints="252" visitedSequencePoints="12" numBranchPoints="66" visitedBranchPoints="3" sequenceCoverage="4.76" branchCoverage="4.55" maxCyclomaticComplexity="11" minCyclomaticComplexity="1" maxCrapScore="132" minCrapScore="1" visitedClasses="3" numClasses="13" visitedMethods="3" numMethods="30" />
  <Modules>
    <Module hash="CD-DA-CA-51-93-E4-6D-A9-7E-D3-B3-7A-31-8C-4A-FB-71-15-10-14">
      <Summary numSequencePoints="5" visitedSequencePoints="4" numBranchPoints="1" visitedBranchPoints="1" sequenceCoverage="80" branchCoverage="100" maxCyclomaticComplexity="1" minCyclomaticComplexity="1" maxCrapScore="2" minCrapScore="1.01" visitedClasses="1" numClasses="1" visitedMethods="1" numMethods="1" />
      <ModulePath>C:\Users\Demitri\Documents\GitHub\SpaceBook\SpaceBookTests1\bin\Debug\SpaceBookTests1.dll</ModulePath>
      <ModuleTime>2019-02-21T21:37:47.2027107Z</ModuleTime>
      <ModuleName>SpaceBookTests1</ModuleName>
      <Files>
        <File uid="1" fullPath="C:\Users\Demitri\Documents\GitHub\SpaceBook\SpaceBookTests1\Controllers\HomeControllerTests.cs" />
      </Files>
      <Classes>
        <Class>
          <Summary numSequencePoints="5" visitedSequencePoints="4" numBranchPoints="1" visitedBranchPoints="1" sequenceCoverage="80" branchCoverage="100" maxCyclomaticComplexity="1" minCyclomaticComplexity="1" maxCrapScore="2" minCrapScore="1.01" visitedClasses="1" numClasses="1" visitedMethods="1" numMethods="1" />
          <FullName>SpaceBook.Controllers.Tests.HomeControllerTests</FullName>
          <Methods>
            <Method visited="true" cyclomaticComplexity="1" nPathComplexity="0" sequenceCoverage="80" branchCoverage="100" crapScore="1.01" isConstructor="false" isStatic="false" isGetter="false" isSetter="false">
              <Summary numSequencePoints="5" visitedSequencePoints="4" numBranchPoints="1" visitedBranchPoints="1" sequenceCoverage="80" branchCoverage="100" maxCyclomaticComplexity="1" minCyclomaticComplexity="1" maxCrapScore="1.01" minCrapScore="1.01" visitedClasses="0" numClasses="0" visitedMethods="1" numMethods="1" />
              <MetadataToken>100663297</MetadataToken>
              <Name>System.Void SpaceBook.Controllers.Tests.HomeControllerTests::IndexTestView()</Name>
              <FileRef uid="1" />
              <SequencePoints>
                <SequencePoint vc="1" uspid="1" ordinal="0" offset="0" sl="17" sc="9" el="17" ec="10" bec="0" bev="0" fileid="1">
                  <TrackedMethodRefs>
                    <TrackedMethodRef uid="1" vc="1" />
                  </TrackedMethodRefs>
                </SequencePoint>
                <SequencePoint vc="1" uspid="2" ordinal="1" offset="1" sl="18" sc="13" el="18" ec="51" bec="0" bev="0" fileid="1">
                  <TrackedMethodRefs>
                    <TrackedMethodRef uid="1" vc="1" />
                  </TrackedMethodRefs>
                </SequencePoint>
                <SequencePoint vc="1" uspid="3" ordinal="2" offset="7" sl="19" sc="13" el="19" ec="59" bec="0" bev="0" fileid="1">
                  <TrackedMethodRefs>
                    <TrackedMethodRef uid="1" vc="1" />
                  </TrackedMethodRefs>
                </SequencePoint>
                <SequencePoint vc="1" uspid="4" ordinal="3" offset="19" sl="20" sc="13" el="20" ec="55" bec="0" bev="0" fileid="1">
                  <TrackedMethodRefs>
                    <TrackedMethodRef uid="1" vc="1" />
                  </TrackedMethodRefs>
                </SequencePoint>
                <SequencePoint vc="0" uspid="5" ordinal="4" offset="36" sl="21" sc="9" el="21" ec="10" bec="0" bev="0" fileid="1" />
              </SequencePoints>
              <BranchPoints />
              <MethodPoint xsi:type="SequencePoint" vc="1" uspid="1" ordinal="0" offset="0" sl="17" sc="9" el="17" ec="10" bec="0" bev="0" fileid="1">
                <TrackedMethodRefs>
                  <TrackedMethodRef uid="1" vc="1" />
                </TrackedMethodRefs>
              </MethodPoint>
            </Method>
            <Method visited="false" cyclomaticComplexity="1" nPathComplexity="0" sequenceCoverage="0" branchCoverage="0" crapScore="2" isConstructor="true" isStatic="false" isGetter="false" isSetter="false">
              <Summary numSequencePoints="0" visitedSequencePoints="0" numBranchPoints="0" visitedBranchPoints="0" sequenceCoverage="0" branchCoverage="0" maxCyclomaticComplexity="1" minCyclomaticComplexity="1" maxCrapScore="2" minCrapScore="2" visitedClasses="0" numClasses="0" visitedMethods="0" numMethods="0" />
              <MetadataToken>100663298</MetadataToken>
              <Name>System.Void SpaceBook.Controllers.Tests.HomeControllerTests::.ctor()</Name>
              <SequencePoints />
              <BranchPoints />
              <MethodPoint vc="0" uspid="6" ordinal="0" offset="0" />
            </Method>
          </Methods>
        </Class>
      </Classes>
      <TrackedMethods>
        <TrackedMethod uid="1" token="100663297" name="System.Void SpaceBook.Controllers.Tests.HomeControllerTests::IndexTestView()" strategy="MSTestTest" />
      </TrackedMethods>
    </Module>
    <Module hash="DD-66-3A-09-ED-D3-25-DF-2C-6E-F5-8C-01-2A-25-7E-AE-AE-81-09">
      <Summary numSequencePoints="247" visitedSequencePoints="8" numBranchPoints="65" visitedBranchPoints="2" sequenceCoverage="3.24" branchCoverage="3.08" maxCyclomaticComplexity="11" minCyclomaticComplexity="1" maxCrapScore="132" minCrapScore="1" visitedClasses="2" numClasses="12" visitedMethods="2" numMethods="29" />
      <ModulePath>C:\Users\Demitri\Documents\GitHub\SpaceBook\SpaceBookTests1\bin\Debug\SpaceBook.dll</ModulePath>
      <ModuleTime>2019-02-21T21:37:45.0306711Z</ModuleTime>
      <ModuleName>SpaceBook</ModuleName>
      <Files>
        <File uid="3" fullPath="C:\Users\Demitri\Documents\GitHub\SpaceBook\SpaceBook\App_Start\BundleConfig.cs" />
        <File uid="4" fullPath="C:\Users\Demitri\Documents\GitHub\SpaceBook\SpaceBook\App_Start\FilterConfig.cs" />
        <File uid="5" fullPath="C:\Users\Demitri\Documents\GitHub\SpaceBook\SpaceBook\App_Start\RouteConfig.cs" />
        <File uid="6" fullPath="C:\Users\Demitri\Documents\GitHub\SpaceBook\SpaceBook\Global.asax.cs" />
        <File uid="7" fullPath="C:\Users\Demitri\Documents\GitHub\SpaceBook\SpaceBook\ViewModels\MessageViewModel.cs" />
        <File uid="8" fullPath="C:\Users\Demitri\Documents\GitHub\SpaceBook\SpaceBook\Controllers\HomeController.cs" />
        <File uid="10" fullPath="C:\Users\Demitri\Documents\GitHub\SpaceBook\SpaceBook\Models\Booking.cs" />
        <File uid="11" fullPath="C:\Users\Demitri\Documents\GitHub\SpaceBook\SpaceBook\Models\Facility.cs" />
        <File uid="12" fullPath="C:\Users\Demitri\Documents\GitHub\SpaceBook\SpaceBook\Models\FacilityTime.cs" />
        <File uid="13" fullPath="C:\Users\Demitri\Documents\GitHub\SpaceBook\SpaceBook\Models\FacilityType.cs" />
        <File uid="14" fullPath="C:\Users\Demitri\Documents\GitHub\SpaceBook\SpaceBook\Models\Model1.Context.cs" />
        <File uid="15" fullPath="C:\Users\Demitri\Documents\GitHub\SpaceBook\SpaceBook\Models\Notification.cs" />
        <File uid="16" fullPath="C:\Users\Demitri\Documents\GitHub\SpaceBook\SpaceBook\Models\NotificationType.cs" />
        <File uid="17" fullPath="C:\Users\Demitri\Documents\GitHub\SpaceBook\SpaceBook\Models\Review.cs" />
        <File uid="18" fullPath="C:\Users\Demitri\Documents\GitHub\SpaceBook\SpaceBook\Models\TagAssignment.cs" />
        <File uid="19" fullPath="C:\Users\Demitri\Documents\GitHub\SpaceBook\SpaceBook\Models\TagType.cs" />
        <File uid="20" fullPath="C:\Users\Demitri\Documents\GitHub\SpaceBook\SpaceBook\Models\User.cs" />
        <File uid="21" fullPath="C:\Users\Demitri\Documents\GitHub\SpaceBook\SpaceBook\Models\UserType.cs" />
      </Files>
      <Classes>
        <Class>
          <Summary numSequencePoints="0" visitedSequencePoints="0" numBranchPoints="0" visitedBranchPoints="0" sequenceCoverage="0" branchCoverage="0" maxCyclomaticComplexity="10" minCyclomaticComplexity="1" maxCrapScore="110" minCrapScore="2" visitedClasses="0" numClasses="0" visitedMethods="0" numMethods="0" />
          <FullName>&lt;&gt;f__AnonymousType0`3</FullName>
          <Methods>
            <Method visited="false" cyclomaticComplexity="1" nPathComplexity="0" sequenceCoverage="0" branchCoverage="0" crapScore="2" isConstructor="false" isStatic="false" isGetter="true" isSetter="false">
              <Summary numSequencePoints="0" visitedSequencePoints="0" numBranchPoints="0" visitedBranchPoints="0" sequenceCoverage="0" branchCoverage="0" maxCyclomaticComplexity="1" minCyclomaticComplexity="1" maxCrapScore="2" minCrapScore="2" visitedClasses="0" numClasses="0" visitedMethods="0" numMethods="0" />
              <MetadataToken>100663297</MetadataToken>
              <Name>&lt;controller&gt;j__TPar &lt;&gt;f__AnonymousType0`3::get_controller()</Name>
              <SequencePoints />
              <BranchPoints />
              <MethodPoint vc="0" uspid="7" ordinal="0" offset="0" />
            </Method>
            <Method visited="false" cyclomaticComplexity="1" nPathComplexity="0" sequenceCoverage="0" branchCoverage="0" crapScore="2" isConstructor="false" isStatic="false" isGetter="true" isSetter="false">
              <Summary numSequencePoints="0" visitedSequencePoints="0" numBranchPoints="0" visitedBranchPoints="0" sequenceCoverage="0" branchCoverage="0" maxCyclomaticComplexity="1" minCyclomaticComplexity="1" maxCrapScore="2" minCrapScore="2" visitedClasses="0" numClasses="0" visitedMethods="0" numMethods="0" />
              <MetadataToken>100663298</MetadataToken>
              <Name>&lt;action&gt;j__TPar &lt;&gt;f__AnonymousType0`3::get_action()</Name>
              <SequencePoints />
              <BranchPoints />
              <MethodPoint vc="0" uspid="8" ordinal="0" offset="0" />
            </Method>
            <Method visited="false" cyclomaticComplexity="1" nPathComplexity="0" sequenceCoverage="0" branchCoverage="0" crapScore="2" isConstructor="false" isStatic="false" isGetter="true" isSetter="false">
              <Summary numSequencePoints="0" visitedSequencePoints="0" numBranchPoints="0" visitedBranchPoints="0" sequenceCoverage="0" branchCoverage="0" maxCyclomaticComplexity="1" minCyclomaticComplexity="1" maxCrapScore="2" minCrapScore="2" visitedClasses="0" numClasses="0" visitedMethods="0" numMethods="0" />
              <MetadataToken>100663299</MetadataToken>
              <Name>&lt;id&gt;j__TPar &lt;&gt;f__AnonymousType0`3::get_id()</Name>
              <SequencePoints />
              <BranchPoints />
              <MethodPoint vc="0" uspid="9" ordinal="0" offset="0" />
            </Method>
            <Method visited="false" cyclomaticComplexity="1" nPathComplexity="0" sequenceCoverage="0" branchCoverage="0" crapScore="2" isConstructor="true" isStatic="false" isGetter="false" isSetter="false">
              <Summary numSequencePoints="0" visitedSequencePoints="0" numBranchPoints="0" visitedBranchPoints="0" sequenceCoverage="0" branchCoverage="0" maxCyclomaticComplexity="1" minCyclomaticComplexity="1" maxCrapScore="2" minCrapScore="2" visitedClasses="0" numClasses="0" visitedMethods="0" numMethods="0" />
              <MetadataToken>100663300</MetadataToken>
              <Name>System.Void &lt;&gt;f__AnonymousType0`3::.ctor(&lt;controller&gt;j__TPar,&lt;action&gt;j__TPar,&lt;id&gt;j__TPar)</Name>
              <SequencePoints />
              <BranchPoints />
              <MethodPoint vc="0" uspid="10" ordinal="0" offset="0" />
            </Method>
            <Method visited="false" cyclomaticComplexity="4" nPathComplexity="0" sequenceCoverage="0" branchCoverage="0" crapScore="20" isConstructor="false" isStatic="false" isGetter="false" isSetter="false">
              <Summary numSequencePoints="0" visitedSequencePoints="0" numBranchPoints="0" visitedBranchPoints="0" sequenceCoverage="0" branchCoverage="0" maxCyclomaticComplexity="4" minCyclomaticComplexity="4" maxCrapScore="20" minCrapScore="20" visitedClasses="0" numClasses="0" visitedMethods="0" numMethods="0" />
              <MetadataToken>100663301</MetadataToken>
              <Name>System.Boolean &lt;&gt;f__AnonymousType0`3::Equals(System.Object)</Name>
              <SequencePoints />
              <BranchPoints />
              <MethodPoint vc="0" uspid="11" ordinal="0" offset="0" />
            </Method>
            <Method visited="false" cyclomaticComplexity="1" nPathComplexity="0" sequenceCoverage="0" branchCoverage="0" crapScore="2" isConstructor="false" isStatic="false" isGetter="false" isSetter="false">
              <Summary numSequencePoints="0" visitedSequencePoints="0" numBranchPoints="0" visitedBranchPoints="0" sequenceCoverage="0" branchCoverage="0" maxCyclomaticComplexity="1" minCyclomaticComplexity="1" maxCrapScore="2" minCrapScore="2" visitedClasses="0" numClasses="0" visitedMethods="0" numMethods="0" />
              <MetadataToken>100663302</MetadataToken>
              <Name>System.Int32 &lt;&gt;f__AnonymousType0`3::GetHashCode()</Name>
              <SequencePoints />
              <BranchPoints />
              <MethodPoint vc="0" uspid="12" ordinal="0" offset="0" />
            </Method>
            <Method visited="false" cyclomaticComplexity="10" nPathComplexity="0" sequenceCoverage="0" branchCoverage="0" crapScore="110" isConstructor="false" isStatic="false" isGetter="false" isSetter="false">
              <Summary numSequencePoints="0" visitedSequencePoints="0" numBranchPoints="0" visitedBranchPoints="0" sequenceCoverage="0" branchCoverage="0" maxCyclomaticComplexity="10" minCyclomaticComplexity="10" maxCrapScore="110" minCrapScore="110" visitedClasses="0" numClasses="0" visitedMethods="0" numMethods="0" />
              <MetadataToken>100663303</MetadataToken>
              <Name>System.String &lt;&gt;f__AnonymousType0`3::ToString()</Name>
              <SequencePoints />
              <BranchPoints />
              <MethodPoint vc="0" uspid="13" ordinal="0" offset="0" />
            </Method>
          </Methods>
        </Class>
        <Class>
          <Summary numSequencePoints="7" visitedSequencePoints="0" numBranchPoints="1" visitedBranchPoints="0" sequenceCoverage="0" branchCoverage="0" maxCyclomaticComplexity="1" minCyclomaticComplexity="1" maxCrapScore="2" minCrapScore="2" visitedClasses="0" numClasses="1" visitedMethods="0" numMethods="1" />
          <FullName>SpaceBook.BundleConfig</FullName>
          <Methods>
            <Method visited="false" cyclomaticComplexity="1" nPathComplexity="0" sequenceCoverage="0" branchCoverage="0" crapScore="2" isConstructor="false" isStatic="true" isGetter="false" isSetter="false">
              <Summary numSequencePoints="7" visitedSequencePoints="0" numBranchPoints="1" visitedBranchPoints="0" sequenceCoverage="0" branchCoverage="0" maxCyclomaticComplexity="1" minCyclomaticComplexity="1" maxCrapScore="2" minCrapScore="2" visitedClasses="0" numClasses="0" visitedMethods="0" numMethods="1" />
              <MetadataToken>100663304</MetadataToken>
              <Name>System.Void SpaceBook.BundleConfig::RegisterBundles(System.Web.Optimization.BundleCollection)</Name>
              <FileRef uid="3" />
              <SequencePoints>
                <SequencePoint vc="0" uspid="14" ordinal="0" offset="0" sl="10" sc="9" el="10" ec="10" bec="0" bev="0" fileid="3" />
                <SequencePoint vc="0" uspid="15" ordinal="1" offset="1" sl="11" sc="13" el="12" ec="59" bec="0" bev="0" fileid="3" />
                <SequencePoint vc="0" uspid="16" ordinal="2" offset="33" sl="14" sc="13" el="15" ec="56" bec="0" bev="0" fileid="3" />
                <SequencePoint vc="0" uspid="17" ordinal="3" offset="65" sl="19" sc="13" el="20" ec="51" bec="0" bev="0" fileid="3" />
                <SequencePoint vc="0" uspid="18" ordinal="4" offset="97" sl="22" sc="13" el="24" ec="48" bec="0" bev="0" fileid="3" />
                <SequencePoint vc="0" uspid="19" ordinal="5" offset="141" sl="26" sc="13" el="28" ec="46" bec="0" bev="0" fileid="3" />
                <SequencePoint vc="0" uspid="20" ordinal="6" offset="185" sl="29" sc="9" el="29" ec="10" bec="0" bev="0" fileid="3" />
              </SequencePoints>
              <BranchPoints />
              <MethodPoint xsi:type="SequencePoint" vc="0" uspid="14" ordinal="0" offset="0" sl="10" sc="9" el="10" ec="10" bec="0" bev="0" fileid="3" />
            </Method>
            <Method visited="false" cyclomaticComplexity="1" nPathComplexity="0" sequenceCoverage="0" branchCoverage="0" crapScore="2" isConstructor="true" isStatic="false" isGetter="false" isSetter="false">
              <Summary numSequencePoints="0" visitedSequencePoints="0" numBranchPoints="0" visitedBranchPoints="0" sequenceCoverage="0" branchCoverage="0" maxCyclomaticComplexity="1" minCyclomaticComplexity="1" maxCrapScore="2" minCrapScore="2" visitedClasses="0" numClasses="0" visitedMethods="0" numMethods="0" />
              <MetadataToken>100663305</MetadataToken>
              <Name>System.Void SpaceBook.BundleConfig::.ctor()</Name>
              <SequencePoints />
              <BranchPoints />
              <MethodPoint vc="0" uspid="21" ordinal="0" offset="0" />
            </Method>
          </Methods>
        </Class>
        <Class>
          <Summary numSequencePoints="3" visitedSequencePoints="0" numBranchPoints="1" visitedBranchPoints="0" sequenceCoverage="0" branchCoverage="0" maxCyclomaticComplexity="1" minCyclomaticComplexity="1" maxCrapScore="2" minCrapScore="2" visitedClasses="0" numClasses="1" visitedMethods="0" numMethods="1" />
          <FullName>SpaceBook.FilterConfig</FullName>
          <Methods>
            <Method visited="false" cyclomaticComplexity="1" nPathComplexity="0" sequenceCoverage="0" branchCoverage="0" crapScore="2" isConstructor="false" isStatic="true" isGetter="false" isSetter="false">
              <Summary numSequencePoints="3" visitedSequencePoints="0" numBranchPoints="1" visitedBranchPoints="0" sequenceCoverage="0" branchCoverage="0" maxCyclomaticComplexity="1" minCyclomaticComplexity="1" maxCrapScore="2" minCrapScore="2" visitedClasses="0" numClasses="0" visitedMethods="0" numMethods="1" />
              <MetadataToken>100663306</MetadataToken>
              <Name>System.Void SpaceBook.FilterConfig::RegisterGlobalFilters(System.Web.Mvc.GlobalFilterCollection)</Name>
              <FileRef uid="4" />
              <SequencePoints>
                <SequencePoint vc="0" uspid="22" ordinal="0" offset="0" sl="9" sc="9" el="9" ec="10" bec="0" bev="0" fileid="4" />
                <SequencePoint vc="0" uspid="23" ordinal="1" offset="1" sl="10" sc="13" el="10" ec="53" bec="0" bev="0" fileid="4" />
                <SequencePoint vc="0" uspid="24" ordinal="2" offset="13" sl="11" sc="9" el="11" ec="10" bec="0" bev="0" fileid="4" />
              </SequencePoints>
              <BranchPoints />
              <MethodPoint xsi:type="SequencePoint" vc="0" uspid="22" ordinal="0" offset="0" sl="9" sc="9" el="9" ec="10" bec="0" bev="0" fileid="4" />
            </Method>
            <Method visited="false" cyclomaticComplexity="1" nPathComplexity="0" sequenceCoverage="0" branchCoverage="0" crapScore="2" isConstructor="true" isStatic="false" isGetter="false" isSetter="false">
              <Summary numSequencePoints="0" visitedSequencePoints="0" numBranchPoints="0" visitedBranchPoints="0" sequenceCoverage="0" branchCoverage="0" maxCyclomaticComplexity="1" minCyclomaticComplexity="1" maxCrapScore="2" minCrapScore="2" visitedClasses="0" numClasses="0" visitedMethods="0" numMethods="0" />
              <MetadataToken>100663307</MetadataToken>
              <Name>System.Void SpaceBook.FilterConfig::.ctor()</Name>
              <SequencePoints />
              <BranchPoints />
              <MethodPoint vc="0" uspid="25" ordinal="0" offset="0" />
            </Method>
          </Methods>
        </Class>
        <Class>
          <Summary numSequencePoints="4" visitedSequencePoints="0" numBranchPoints="1" visitedBranchPoints="0" sequenceCoverage="0" branchCoverage="0" maxCyclomaticComplexity="1" minCyclomaticComplexity="1" maxCrapScore="2" minCrapScore="2" visitedClasses="0" numClasses="1" visitedMethods="0" numMethods="1" />
          <FullName>SpaceBook.RouteConfig</FullName>
          <Methods>
            <Method visited="false" cyclomaticComplexity="1" nPathComplexity="0" sequenceCoverage="0" branchCoverage="0" crapScore="2" isConstructor="false" isStatic="true" isGetter="false" isSetter="false">
              <Summary numSequencePoints="4" visitedSequencePoints="0" numBranchPoints="1" visitedBranchPoints="0" sequenceCoverage="0" branchCoverage="0" maxCyclomaticComplexity="1" minCyclomaticComplexity="1" maxCrapScore="2" minCrapScore="2" visitedClasses="0" numClasses="0" visitedMethods="0" numMethods="1" />
              <MetadataToken>100663308</MetadataToken>
              <Name>System.Void SpaceBook.RouteConfig::RegisterRoutes(System.Web.Routing.RouteCollection)</Name>
              <FileRef uid="5" />
              <SequencePoints>
                <SequencePoint vc="0" uspid="26" ordinal="0" offset="0" sl="13" sc="9" el="13" ec="10" bec="0" bev="0" fileid="5" />
                <SequencePoint vc="0" uspid="27" ordinal="1" offset="1" sl="14" sc="13" el="14" ec="62" bec="0" bev="0" fileid="5" />
                <SequencePoint vc="0" uspid="28" ordinal="2" offset="13" sl="16" sc="13" el="20" ec="15" bec="0" bev="0" fileid="5" />
                <SequencePoint vc="0" uspid="29" ordinal="3" offset="50" sl="21" sc="9" el="21" ec="10" bec="0" bev="0" fileid="5" />
              </SequencePoints>
              <BranchPoints />
              <MethodPoint xsi:type="SequencePoint" vc="0" uspid="26" ordinal="0" offset="0" sl="13" sc="9" el="13" ec="10" bec="0" bev="0" fileid="5" />
            </Method>
            <Method visited="false" cyclomaticComplexity="1" nPathComplexity="0" sequenceCoverage="0" branchCoverage="0" crapScore="2" isConstructor="true" isStatic="false" isGetter="false" isSetter="false">
              <Summary numSequencePoints="0" visitedSequencePoints="0" numBranchPoints="0" visitedBranchPoints="0" sequenceCoverage="0" branchCoverage="0" maxCyclomaticComplexity="1" minCyclomaticComplexity="1" maxCrapScore="2" minCrapScore="2" visitedClasses="0" numClasses="0" visitedMethods="0" numMethods="0" />
              <MetadataToken>100663309</MetadataToken>
              <Name>System.Void SpaceBook.RouteConfig::.ctor()</Name>
              <SequencePoints />
              <BranchPoints />
              <MethodPoint vc="0" uspid="30" ordinal="0" offset="0" />
            </Method>
          </Methods>
        </Class>
        <Class>
          <Summary numSequencePoints="6" visitedSequencePoints="0" numBranchPoints="1" visitedBranchPoints="0" sequenceCoverage="0" branchCoverage="0" maxCyclomaticComplexity="1" minCyclomaticComplexity="1" maxCrapScore="2" minCrapScore="2" visitedClasses="0" numClasses="1" visitedMethods="0" numMethods="1" />
          <FullName>SpaceBook.MvcApplication</FullName>
          <Methods>
            <Method visited="false" cyclomaticComplexity="1" nPathComplexity="0" sequenceCoverage="0" branchCoverage="0" crapScore="2" isConstructor="false" isStatic="false" isGetter="false" isSetter="false">
              <Summary numSequencePoints="6" visitedSequencePoints="0" numBranchPoints="1" visitedBranchPoints="0" sequenceCoverage="0" branchCoverage="0" maxCyclomaticComplexity="1" minCyclomaticComplexity="1" maxCrapScore="2" minCrapScore="2" visitedClasses="0" numClasses="0" visitedMethods="0" numMethods="1" />
              <MetadataToken>100663310</MetadataToken>
              <Name>System.Void SpaceBook.MvcApplication::Application_Start()</Name>
              <FileRef uid="6" />
              <SequencePoints>
                <SequencePoint vc="0" uspid="31" ordinal="0" offset="0" sl="14" sc="9" el="14" ec="10" bec="0" bev="0" fileid="6" />
                <SequencePoint vc="0" uspid="32" ordinal="1" offset="1" sl="15" sc="13" el="15" ec="49" bec="0" bev="0" fileid="6" />
                <SequencePoint vc="0" uspid="33" ordinal="2" offset="7" sl="16" sc="13" el="16" ec="71" bec="0" bev="0" fileid="6" />
                <SequencePoint vc="0" uspid="34" ordinal="3" offset="18" sl="17" sc="13" el="17" ec="59" bec="0" bev="0" fileid="6" />
                <SequencePoint vc="0" uspid="35" ordinal="4" offset="29" sl="18" sc="13" el="18" ec="63" bec="0" bev="0" fileid="6" />
                <SequencePoint vc="0" uspid="36" ordinal="5" offset="40" sl="19" sc="9" el="19" ec="10" bec="0" bev="0" fileid="6" />
              </SequencePoints>
              <BranchPoints />
              <MethodPoint xsi:type="SequencePoint" vc="0" uspid="31" ordinal="0" offset="0" sl="14" sc="9" el="14" ec="10" bec="0" bev="0" fileid="6" />
            </Method>
            <Method visited="false" cyclomaticComplexity="1" nPathComplexity="0" sequenceCoverage="0" branchCoverage="0" crapScore="2" isConstructor="true" isStatic="false" isGetter="false" isSetter="false">
              <Summary numSequencePoints="0" visitedSequencePoints="0" numBranchPoints="0" visitedBranchPoints="0" sequenceCoverage="0" branchCoverage="0" maxCyclomaticComplexity="1" minCyclomaticComplexity="1" maxCrapScore="2" minCrapScore="2" visitedClasses="0" numClasses="0" visitedMethods="0" numMethods="0" />
              <MetadataToken>100663311</MetadataToken>
              <Name>System.Void SpaceBook.MvcApplication::.ctor()</Name>
              <SequencePoints />
              <BranchPoints />
              <MethodPoint vc="0" uspid="37" ordinal="0" offset="0" />
            </Method>
          </Methods>
        </Class>
        <Class>
          <Summary numSequencePoints="0" visitedSequencePoints="0" numBranchPoints="0" visitedBranchPoints="0" sequenceCoverage="0" branchCoverage="0" maxCyclomaticComplexity="1" minCyclomaticComplexity="1" maxCrapScore="2" minCrapScore="2" visitedClasses="0" numClasses="0" visitedMethods="0" numMethods="0" />
          <FullName>SpaceBook.ViewModels.MessageViewModel</FullName>
          <Methods>
            <Method skippedDueTo="AutoImplementedProperty" visited="false" cyclomaticComplexity="1" nPathComplexity="0" sequenceCoverage="0" branchCoverage="0" crapScore="0" isConstructor="false" isStatic="false" isGetter="true" isSetter="false">
              <MetadataToken>100663312</MetadataToken>
              <Name>System.String SpaceBook.ViewModels.MessageViewModel::get_CssClassName()</Name>
              <FileRef uid="7" />
              <SequencePoints />
              <BranchPoints />
            </Method>
            <Method skippedDueTo="AutoImplementedProperty" visited="false" cyclomaticComplexity="1" nPathComplexity="0" sequenceCoverage="0" branchCoverage="0" crapScore="0" isConstructor="false" isStatic="false" isGetter="false" isSetter="true">
              <MetadataToken>100663313</MetadataToken>
              <Name>System.Void SpaceBook.ViewModels.MessageViewModel::set_CssClassName(System.String)</Name>
              <FileRef uid="7" />
              <SequencePoints />
              <BranchPoints />
            </Method>
            <Method skippedDueTo="AutoImplementedProperty" visited="false" cyclomaticComplexity="1" nPathComplexity="0" sequenceCoverage="0" branchCoverage="0" crapScore="0" isConstructor="false" isStatic="false" isGetter="true" isSetter="false">
              <MetadataToken>100663314</MetadataToken>
              <Name>System.String SpaceBook.ViewModels.MessageViewModel::get_Title()</Name>
              <FileRef uid="7" />
              <SequencePoints />
              <BranchPoints />
            </Method>
            <Method skippedDueTo="AutoImplementedProperty" visited="false" cyclomaticComplexity="1" nPathComplexity="0" sequenceCoverage="0" branchCoverage="0" crapScore="0" isConstructor="false" isStatic="false" isGetter="false" isSetter="true">
              <MetadataToken>100663315</MetadataToken>
              <Name>System.Void SpaceBook.ViewModels.MessageViewModel::set_Title(System.String)</Name>
              <FileRef uid="7" />
              <SequencePoints />
              <BranchPoints />
            </Method>
            <Method skippedDueTo="AutoImplementedProperty" visited="false" cyclomaticComplexity="1" nPathComplexity="0" sequenceCoverage="0" branchCoverage="0" crapScore="0" isConstructor="false" isStatic="false" isGetter="true" isSetter="false">
              <MetadataToken>100663316</MetadataToken>
              <Name>System.String SpaceBook.ViewModels.MessageViewModel::get_Message()</Name>
              <FileRef uid="7" />
              <SequencePoints />
              <BranchPoints />
            </Method>
            <Method skippedDueTo="AutoImplementedProperty" visited="false" cyclomaticComplexity="1" nPathComplexity="0" sequenceCoverage="0" branchCoverage="0" crapScore="0" isConstructor="false" isStatic="false" isGetter="false" isSetter="true">
              <MetadataToken>100663317</MetadataToken>
              <Name>System.Void SpaceBook.ViewModels.MessageViewModel::set_Message(System.String)</Name>
              <FileRef uid="7" />
              <SequencePoints />
              <BranchPoints />
            </Method>
            <Method visited="false" cyclomaticComplexity="1" nPathComplexity="0" sequenceCoverage="0" branchCoverage="0" crapScore="2" isConstructor="true" isStatic="false" isGetter="false" isSetter="false">
              <Summary numSequencePoints="0" visitedSequencePoints="0" numBranchPoints="0" visitedBranchPoints="0" sequenceCoverage="0" branchCoverage="0" maxCyclomaticComplexity="1" minCyclomaticComplexity="1" maxCrapScore="2" minCrapScore="2" visitedClasses="0" numClasses="0" visitedMethods="0" numMethods="0" />
              <MetadataToken>100663318</MetadataToken>
              <Name>System.Void SpaceBook.ViewModels.MessageViewModel::.ctor()</Name>
              <SequencePoints />
              <BranchPoints />
              <MethodPoint vc="0" uspid="38" ordinal="0" offset="0" />
            </Method>
          </Methods>
        </Class>
        <Class>
          <Summary numSequencePoints="196" visitedSequencePoints="5" numBranchPoints="52" visitedBranchPoints="1" sequenceCoverage="2.55" branchCoverage="1.92" maxCyclomaticComplexity="11" minCyclomaticComplexity="1" maxCrapScore="132" minCrapScore="2" visitedClasses="1" numClasses="1" visitedMethods="1" numMethods="16" />
          <FullName>SpaceBook.Controllers.HomeController</FullName>
          <Methods>
            <Method visited="true" cyclomaticComplexity="2" nPathComplexity="0" sequenceCoverage="100" branchCoverage="100" crapScore="2" isConstructor="false" isStatic="false" isGetter="false" isSetter="false">
              <Summary numSequencePoints="5" visitedSequencePoints="5" numBranchPoints="1" visitedBranchPoints="1" sequenceCoverage="100" branchCoverage="100" maxCyclomaticComplexity="2" minCyclomaticComplexity="2" maxCrapScore="2" minCrapScore="2" visitedClasses="0" numClasses="0" visitedMethods="1" numMethods="1" />
              <MetadataToken>100663319</MetadataToken>
              <Name>System.Web.Mvc.ActionResult SpaceBook.Controllers.HomeController::Index()</Name>
              <FileRef uid="8" />
              <SequencePoints>
                <SequencePoint vc="1" uspid="39" ordinal="0" offset="0" sl="16" sc="9" el="16" ec="10" bec="0" bev="0" fileid="8">
                  <TrackedMethodRefs>
                    <TrackedMethodRef uid="1" vc="1" />
                  </TrackedMethodRefs>
                </SequencePoint>
                <SequencePoint vc="1" uspid="40" ordinal="1" offset="1" sl="17" sc="20" el="17" ec="58" bec="0" bev="0" fileid="8">
                  <TrackedMethodRefs>
                    <TrackedMethodRef uid="1" vc="1" />
                  </TrackedMethodRefs>
                </SequencePoint>
                <SequencePoint vc="1" uspid="41" ordinal="2" offset="7" sl="18" sc="13" el="18" ec="14" bec="0" bev="0" fileid="8">
                  <TrackedMethodRefs>
                    <TrackedMethodRef uid="1" vc="1" />
                  </TrackedMethodRefs>
                </SequencePoint>
                <SequencePoint vc="1" uspid="42" ordinal="3" offset="8" sl="19" sc="17" el="19" ec="31" bec="0" bev="0" fileid="8">
                  <TrackedMethodRefs>
                    <TrackedMethodRef uid="1" vc="1" />
                  </TrackedMethodRefs>
                </SequencePoint>
                <SequencePoint vc="1" uspid="43" ordinal="4" offset="28" sl="21" sc="9" el="21" ec="10" bec="0" bev="0" fileid="8">
                  <TrackedMethodRefs>
                    <TrackedMethodRef uid="1" vc="1" />
                  </TrackedMethodRefs>
                </SequencePoint>
              </SequencePoints>
              <BranchPoints />
              <MethodPoint xsi:type="SequencePoint" vc="1" uspid="39" ordinal="0" offset="0" sl="16" sc="9" el="16" ec="10" bec="0" bev="0" fileid="8">
                <TrackedMethodRefs>
                  <TrackedMethodRef uid="1" vc="1" />
                </TrackedMethodRefs>
              </MethodPoint>
            </Method>
            <Method visited="false" cyclomaticComplexity="2" nPathComplexity="0" sequenceCoverage="0" branchCoverage="0" crapScore="6" isConstructor="false" isStatic="false" isGetter="false" isSetter="false">
              <Summary numSequencePoints="4" visitedSequencePoints="0" numBranchPoints="1" visitedBranchPoints="0" sequenceCoverage="0" branchCoverage="0" maxCyclomaticComplexity="2" minCyclomaticComplexity="2" maxCrapScore="6" minCrapScore="6" visitedClasses="0" numClasses="0" visitedMethods="0" numMethods="1" />
              <MetadataToken>100663320</MetadataToken>
              <Name>System.Web.Mvc.ActionResult SpaceBook.Controllers.HomeController::About()</Name>
              <FileRef uid="8" />
              <SequencePoints>
                <SequencePoint vc="0" uspid="44" ordinal="0" offset="0" sl="24" sc="9" el="24" ec="10" bec="0" bev="0" fileid="8" />
                <SequencePoint vc="0" uspid="45" ordinal="1" offset="1" sl="25" sc="13" el="25" ec="68" bec="0" bev="0" fileid="8" />
                <SequencePoint vc="0" uspid="46" ordinal="2" offset="99" sl="27" sc="13" el="27" ec="27" bec="0" bev="0" fileid="8" />
                <SequencePoint vc="0" uspid="47" ordinal="3" offset="108" sl="28" sc="9" el="28" ec="10" bec="0" bev="0" fileid="8" />
              </SequencePoints>
              <BranchPoints />
              <MethodPoint xsi:type="SequencePoint" vc="0" uspid="44" ordinal="0" offset="0" sl="24" sc="9" el="24" ec="10" bec="0" bev="0" fileid="8" />
            </Method>
            <Method visited="false" cyclomaticComplexity="2" nPathComplexity="0" sequenceCoverage="0" branchCoverage="0" crapScore="6" isConstructor="false" isStatic="false" isGetter="false" isSetter="false">
              <Summary numSequencePoints="4" visitedSequencePoints="0" numBranchPoints="1" visitedBranchPoints="0" sequenceCoverage="0" branchCoverage="0" maxCyclomaticComplexity="2" minCyclomaticComplexity="2" maxCrapScore="6" minCrapScore="6" visitedClasses="0" numClasses="0" visitedMethods="0" numMethods="1" />
              <MetadataToken>100663321</MetadataToken>
              <Name>System.Web.Mvc.ActionResult SpaceBook.Controllers.HomeController::Contact()</Name>
              <FileRef uid="8" />
              <SequencePoints>
                <SequencePoint vc="0" uspid="50" ordinal="0" offset="0" sl="31" sc="9" el="31" ec="10" bec="0" bev="0" fileid="8" />
                <SequencePoint vc="0" uspid="51" ordinal="1" offset="1" sl="32" sc="13" el="32" ec="52" bec="0" bev="0" fileid="8" />
                <SequencePoint vc="0" uspid="52" ordinal="2" offset="99" sl="34" sc="13" el="34" ec="27" bec="0" bev="0" fileid="8" />
                <SequencePoint vc="0" uspid="53" ordinal="3" offset="108" sl="35" sc="9" el="35" ec="10" bec="0" bev="0" fileid="8" />
              </SequencePoints>
              <BranchPoints />
              <MethodPoint xsi:type="SequencePoint" vc="0" uspid="50" ordinal="0" offset="0" sl="31" sc="9" el="31" ec="10" bec="0" bev="0" fileid="8" />
            </Method>
            <Method visited="false" cyclomaticComplexity="4" nPathComplexity="2" sequenceCoverage="0" branchCoverage="0" crapScore="20" isConstructor="false" isStatic="false" isGetter="false" isSetter="false">
              <Summary numSequencePoints="9" visitedSequencePoints="0" numBranchPoints="3" visitedBranchPoints="0" sequenceCoverage="0" branchCoverage="0" maxCyclomaticComplexity="4" minCyclomaticComplexity="4" maxCrapScore="20" minCrapScore="20" visitedClasses="0" numClasses="0" visitedMethods="0" numMethods="1" />
              <MetadataToken>100663322</MetadataToken>
              <Name>System.Web.Mvc.ActionResult SpaceBook.Controllers.HomeController::SearchResults()</Name>
              <FileRef uid="8" />
              <SequencePoints>
                <SequencePoint vc="0" uspid="56" ordinal="0" offset="0" sl="38" sc="9" el="38" ec="10" bec="0" bev="0" fileid="8" />
                <SequencePoint vc="0" uspid="57" ordinal="1" offset="1" sl="39" sc="20" el="39" ec="58" bec="0" bev="0" fileid="8" />
                <SequencePoint vc="0" uspid="58" ordinal="2" offset="7" sl="40" sc="13" el="40" ec="14" bec="0" bev="0" fileid="8" />
                <SequencePoint vc="0" uspid="59" ordinal="3" offset="8" sl="41" sc="17" el="41" ec="92" bec="0" bev="0" fileid="8" />
                <SequencePoint vc="0" uspid="60" ordinal="4" offset="123" sl="42" sc="17" el="42" ec="58" bec="2" bev="0" fileid="8" />
                <SequencePoint vc="0" uspid="61" ordinal="5" offset="142" sl="43" sc="17" el="43" ec="18" bec="0" bev="0" fileid="8" />
                <SequencePoint vc="0" uspid="62" ordinal="6" offset="143" sl="45" sc="17" el="45" ec="18" bec="0" bev="0" fileid="8" />
                <SequencePoint vc="0" uspid="63" ordinal="7" offset="144" sl="46" sc="17" el="46" ec="38" bec="0" bev="0" fileid="8" />
                <SequencePoint vc="0" uspid="64" ordinal="8" offset="166" sl="53" sc="9" el="53" ec="10" bec="0" bev="0" fileid="8" />
              </SequencePoints>
              <BranchPoints>
                <BranchPoint vc="0" uspid="67" ordinal="2" offset="140" sl="42" path="0" offsetend="142" fileid="8" />
                <BranchPoint vc="0" uspid="68" ordinal="3" offset="140" sl="42" path="1" offsetend="144" fileid="8" />
              </BranchPoints>
              <MethodPoint xsi:type="SequencePoint" vc="0" uspid="56" ordinal="0" offset="0" sl="38" sc="9" el="38" ec="10" bec="0" bev="0" fileid="8" />
            </Method>
            <Method visited="false" cyclomaticComplexity="2" nPathComplexity="0" sequenceCoverage="0" branchCoverage="0" crapScore="6" isConstructor="false" isStatic="false" isGetter="false" isSetter="false">
              <Summary numSequencePoints="6" visitedSequencePoints="0" numBranchPoints="1" visitedBranchPoints="0" sequenceCoverage="0" branchCoverage="0" maxCyclomaticComplexity="2" minCyclomaticComplexity="2" maxCrapScore="6" minCrapScore="6" visitedClasses="0" numClasses="0" visitedMethods="0" numMethods="1" />
              <MetadataToken>100663323</MetadataToken>
              <Name>System.Web.Mvc.ActionResult SpaceBook.Controllers.HomeController::ViewFacility(System.Int32)</Name>
              <FileRef uid="8" />
              <SequencePoints>
                <SequencePoint vc="0" uspid="69" ordinal="0" offset="13" sl="56" sc="9" el="56" ec="10" bec="0" bev="0" fileid="8" />
                <SequencePoint vc="0" uspid="70" ordinal="1" offset="14" sl="57" sc="20" el="57" ec="58" bec="0" bev="0" fileid="8" />
                <SequencePoint vc="0" uspid="71" ordinal="2" offset="20" sl="58" sc="13" el="58" ec="14" bec="0" bev="0" fileid="8" />
                <SequencePoint vc="0" uspid="72" ordinal="3" offset="21" sl="59" sc="17" el="59" ec="91" bec="0" bev="0" fileid="8" />
                <SequencePoint vc="0" uspid="73" ordinal="4" offset="131" sl="60" sc="17" el="60" ec="39" bec="0" bev="0" fileid="8" />
                <SequencePoint vc="0" uspid="74" ordinal="5" offset="153" sl="62" sc="9" el="62" ec="10" bec="0" bev="0" fileid="8" />
              </SequencePoints>
              <BranchPoints />
              <MethodPoint vc="0" uspid="75" ordinal="0" offset="0" />
            </Method>
            <Method visited="false" cyclomaticComplexity="5" nPathComplexity="2" sequenceCoverage="0" branchCoverage="0" crapScore="30" isConstructor="false" isStatic="false" isGetter="false" isSetter="false">
              <Summary numSequencePoints="16" visitedSequencePoints="0" numBranchPoints="3" visitedBranchPoints="0" sequenceCoverage="0" branchCoverage="0" maxCyclomaticComplexity="5" minCyclomaticComplexity="5" maxCrapScore="30" minCrapScore="30" visitedClasses="0" numClasses="0" visitedMethods="0" numMethods="1" />
              <MetadataToken>100663324</MetadataToken>
              <Name>System.Web.Mvc.ActionResult SpaceBook.Controllers.HomeController::ViewFacilityAvailability(System.Int32)</Name>
              <FileRef uid="8" />
              <SequencePoints>
                <SequencePoint vc="0" uspid="76" ordinal="0" offset="13" sl="65" sc="9" el="65" ec="10" bec="0" bev="0" fileid="8" />
                <SequencePoint vc="0" uspid="77" ordinal="1" offset="14" sl="66" sc="20" el="66" ec="58" bec="0" bev="0" fileid="8" />
                <SequencePoint vc="0" uspid="78" ordinal="2" offset="20" sl="67" sc="13" el="67" ec="14" bec="0" bev="0" fileid="8" />
                <SequencePoint vc="0" uspid="79" ordinal="3" offset="21" sl="68" sc="17" el="68" ec="126" bec="0" bev="0" fileid="8" />
                <SequencePoint vc="0" uspid="80" ordinal="4" offset="172" sl="70" sc="17" el="70" ec="37" bec="2" bev="0" fileid="8" />
                <SequencePoint vc="0" uspid="81" ordinal="5" offset="187" sl="70" sc="38" el="70" ec="39" bec="0" bev="0" fileid="8" />
                <SequencePoint vc="0" uspid="82" ordinal="6" offset="188" sl="71" sc="21" el="71" ec="28" bec="0" bev="0" fileid="8" />
                <SequencePoint vc="0" uspid="83" ordinal="7" offset="189" sl="71" sc="51" el="71" ec="56" bec="0" bev="0" fileid="8" />
                <SequencePoint vc="0" uspid="84" ordinal="8" offset="199" sl="71" sc="30" el="71" ec="47" bec="0" bev="0" fileid="8" />
                <SequencePoint vc="0" uspid="85" ordinal="9" offset="208" sl="71" sc="58" el="71" ec="59" bec="0" bev="0" fileid="8" />
                <SequencePoint vc="0" uspid="86" ordinal="10" offset="209" sl="72" sc="25" el="72" ec="61" bec="0" bev="0" fileid="8" />
                <SequencePoint vc="0" uspid="87" ordinal="11" offset="227" sl="74" sc="21" el="74" ec="22" bec="0" bev="0" fileid="8" />
                <SequencePoint vc="0" uspid="88" ordinal="12" offset="228" sl="71" sc="48" el="71" ec="50" bec="0" bev="0" fileid="8" />
                <SequencePoint vc="0" uspid="89" ordinal="13" offset="254" sl="75" sc="17" el="75" ec="18" bec="0" bev="0" fileid="8" />
                <SequencePoint vc="0" uspid="90" ordinal="14" offset="255" sl="77" sc="17" el="77" ec="36" bec="0" bev="0" fileid="8" />
                <SequencePoint vc="0" uspid="91" ordinal="15" offset="277" sl="79" sc="9" el="79" ec="10" bec="0" bev="0" fileid="8" />
              </SequencePoints>
              <BranchPoints>
                <BranchPoint vc="0" uspid="94" ordinal="2" offset="185" sl="70" path="0" offsetend="187" fileid="8" />
                <BranchPoint vc="0" uspid="95" ordinal="3" offset="185" sl="70" path="1" offsetend="255" fileid="8" />
              </BranchPoints>
              <MethodPoint vc="0" uspid="98" ordinal="0" offset="0" />
            </Method>
            <Method visited="false" cyclomaticComplexity="5" nPathComplexity="2" sequenceCoverage="0" branchCoverage="0" crapScore="30" isConstructor="false" isStatic="false" isGetter="false" isSetter="false">
              <Summary numSequencePoints="16" visitedSequencePoints="0" numBranchPoints="3" visitedBranchPoints="0" sequenceCoverage="0" branchCoverage="0" maxCyclomaticComplexity="5" minCyclomaticComplexity="5" maxCrapScore="30" minCrapScore="30" visitedClasses="0" numClasses="0" visitedMethods="0" numMethods="1" />
              <MetadataToken>100663325</MetadataToken>
              <Name>System.Web.Mvc.ActionResult SpaceBook.Controllers.HomeController::PartialViewTimes(System.Int32,System.Int32)</Name>
              <FileRef uid="8" />
              <SequencePoints>
                <SequencePoint vc="0" uspid="99" ordinal="0" offset="20" sl="81" sc="71" el="81" ec="72" bec="0" bev="0" fileid="8" />
                <SequencePoint vc="0" uspid="100" ordinal="1" offset="21" sl="82" sc="20" el="82" ec="58" bec="0" bev="0" fileid="8" />
                <SequencePoint vc="0" uspid="101" ordinal="2" offset="27" sl="83" sc="13" el="83" ec="14" bec="0" bev="0" fileid="8" />
                <SequencePoint vc="0" uspid="102" ordinal="3" offset="28" sl="84" sc="17" el="84" ec="156" bec="0" bev="0" fileid="8" />
                <SequencePoint vc="0" uspid="103" ordinal="4" offset="256" sl="85" sc="17" el="85" ec="37" bec="2" bev="0" fileid="8" />
                <SequencePoint vc="0" uspid="104" ordinal="5" offset="271" sl="85" sc="38" el="85" ec="39" bec="0" bev="0" fileid="8" />
                <SequencePoint vc="0" uspid="105" ordinal="6" offset="272" sl="86" sc="21" el="86" ec="28" bec="0" bev="0" fileid="8" />
                <SequencePoint vc="0" uspid="106" ordinal="7" offset="273" sl="86" sc="51" el="86" ec="56" bec="0" bev="0" fileid="8" />
                <SequencePoint vc="0" uspid="107" ordinal="8" offset="283" sl="86" sc="30" el="86" ec="47" bec="0" bev="0" fileid="8" />
                <SequencePoint vc="0" uspid="108" ordinal="9" offset="292" sl="86" sc="58" el="86" ec="59" bec="0" bev="0" fileid="8" />
                <SequencePoint vc="0" uspid="109" ordinal="10" offset="293" sl="87" sc="25" el="87" ec="61" bec="0" bev="0" fileid="8" />
                <SequencePoint vc="0" uspid="110" ordinal="11" offset="311" sl="88" sc="21" el="88" ec="22" bec="0" bev="0" fileid="8" />
                <SequencePoint vc="0" uspid="111" ordinal="12" offset="312" sl="86" sc="48" el="86" ec="50" bec="0" bev="0" fileid="8" />
                <SequencePoint vc="0" uspid="112" ordinal="13" offset="338" sl="89" sc="17" el="89" ec="18" bec="0" bev="0" fileid="8" />
                <SequencePoint vc="0" uspid="113" ordinal="14" offset="339" sl="90" sc="17" el="90" ec="43" bec="0" bev="0" fileid="8" />
                <SequencePoint vc="0" uspid="114" ordinal="15" offset="361" sl="93" sc="9" el="93" ec="10" bec="0" bev="0" fileid="8" />
              </SequencePoints>
              <BranchPoints>
                <BranchPoint vc="0" uspid="117" ordinal="2" offset="269" sl="85" path="0" offsetend="271" fileid="8" />
                <BranchPoint vc="0" uspid="118" ordinal="3" offset="269" sl="85" path="1" offsetend="339" fileid="8" />
              </BranchPoints>
              <MethodPoint vc="0" uspid="121" ordinal="0" offset="0" />
            </Method>
            <Method visited="false" cyclomaticComplexity="1" nPathComplexity="0" sequenceCoverage="0" branchCoverage="0" crapScore="2" isConstructor="false" isStatic="false" isGetter="false" isSetter="false">
              <Summary numSequencePoints="3" visitedSequencePoints="0" numBranchPoints="1" visitedBranchPoints="0" sequenceCoverage="0" branchCoverage="0" maxCyclomaticComplexity="1" minCyclomaticComplexity="1" maxCrapScore="2" minCrapScore="2" visitedClasses="0" numClasses="0" visitedMethods="0" numMethods="1" />
              <MetadataToken>100663326</MetadataToken>
              <Name>System.Web.Mvc.ActionResult SpaceBook.Controllers.HomeController::PostVenue()</Name>
              <FileRef uid="8" />
              <SequencePoints>
                <SequencePoint vc="0" uspid="122" ordinal="0" offset="0" sl="97" sc="9" el="97" ec="10" bec="0" bev="0" fileid="8" />
                <SequencePoint vc="0" uspid="123" ordinal="1" offset="1" sl="98" sc="13" el="98" ec="27" bec="0" bev="0" fileid="8" />
                <SequencePoint vc="0" uspid="124" ordinal="2" offset="10" sl="99" sc="9" el="99" ec="10" bec="0" bev="0" fileid="8" />
              </SequencePoints>
              <BranchPoints />
              <MethodPoint xsi:type="SequencePoint" vc="0" uspid="122" ordinal="0" offset="0" sl="97" sc="9" el="97" ec="10" bec="0" bev="0" fileid="8" />
            </Method>
            <Method visited="false" cyclomaticComplexity="11" nPathComplexity="64" sequenceCoverage="0" branchCoverage="0" crapScore="132" isConstructor="false" isStatic="false" isGetter="false" isSetter="false">
              <Summary numSequencePoints="50" visitedSequencePoints="0" numBranchPoints="13" visitedBranchPoints="0" sequenceCoverage="0" branchCoverage="0" maxCyclomaticComplexity="11" minCyclomaticComplexity="11" maxCrapScore="132" minCrapScore="132" visitedClasses="0" numClasses="0" visitedMethods="0" numMethods="1" />
              <MetadataToken>100663327</MetadataToken>
              <Name>System.Web.Mvc.ActionResult SpaceBook.Controllers.HomeController::PostVenue(SpaceBook.Models.Facility)</Name>
              <FileRef uid="8" />
              <SequencePoints>
                <SequencePoint vc="0" uspid="125" ordinal="0" offset="0" sl="103" sc="9" el="103" ec="10" bec="0" bev="0" fileid="8" />
                <SequencePoint vc="0" uspid="126" ordinal="1" offset="1" sl="104" sc="20" el="104" ec="58" bec="0" bev="0" fileid="8" />
                <SequencePoint vc="0" uspid="127" ordinal="2" offset="7" sl="105" sc="13" el="105" ec="14" bec="0" bev="0" fileid="8" />
                <SequencePoint vc="0" uspid="128" ordinal="3" offset="8" sl="106" sc="17" el="106" ec="55" bec="0" bev="0" fileid="8" />
                <SequencePoint vc="0" uspid="129" ordinal="4" offset="14" sl="107" sc="17" el="107" ec="40" bec="2" bev="0" fileid="8" />
                <SequencePoint vc="0" uspid="130" ordinal="5" offset="32" sl="108" sc="17" el="108" ec="18" bec="0" bev="0" fileid="8" />
                <SequencePoint vc="0" uspid="131" ordinal="6" offset="33" sl="109" sc="21" el="109" ec="59" bec="0" bev="0" fileid="8" />
                <SequencePoint vc="0" uspid="132" ordinal="7" offset="46" sl="110" sc="21" el="110" ec="69" bec="0" bev="0" fileid="8" />
                <SequencePoint vc="0" uspid="133" ordinal="8" offset="59" sl="111" sc="21" el="111" ec="65" bec="0" bev="0" fileid="8" />
                <SequencePoint vc="0" uspid="134" ordinal="9" offset="72" sl="112" sc="21" el="112" ec="71" bec="0" bev="0" fileid="8" />
                <SequencePoint vc="0" uspid="135" ordinal="10" offset="85" sl="113" sc="21" el="113" ec="73" bec="0" bev="0" fileid="8" />
                <SequencePoint vc="0" uspid="136" ordinal="11" offset="98" sl="114" sc="21" el="114" ec="61" bec="0" bev="0" fileid="8" />
                <SequencePoint vc="0" uspid="137" ordinal="12" offset="111" sl="115" sc="21" el="115" ec="61" bec="0" bev="0" fileid="8" />
                <SequencePoint vc="0" uspid="138" ordinal="13" offset="124" sl="116" sc="21" el="116" ec="65" bec="0" bev="0" fileid="8" />
                <SequencePoint vc="0" uspid="139" ordinal="14" offset="137" sl="117" sc="21" el="117" ec="71" bec="0" bev="0" fileid="8" />
                <SequencePoint vc="0" uspid="140" ordinal="15" offset="150" sl="118" sc="21" el="118" ec="59" bec="0" bev="0" fileid="8" />
                <SequencePoint vc="0" uspid="141" ordinal="16" offset="163" sl="119" sc="21" el="119" ec="67" bec="0" bev="0" fileid="8" />
                <SequencePoint vc="0" uspid="142" ordinal="17" offset="176" sl="120" sc="21" el="120" ec="65" bec="0" bev="0" fileid="8" />
                <SequencePoint vc="0" uspid="143" ordinal="18" offset="189" sl="121" sc="21" el="121" ec="51" bec="0" bev="0" fileid="8" />
                <SequencePoint vc="0" uspid="144" ordinal="19" offset="202" sl="122" sc="21" el="122" ec="42" bec="0" bev="0" fileid="8" />
                <SequencePoint vc="0" uspid="145" ordinal="20" offset="215" sl="124" sc="21" el="124" ec="57" bec="0" bev="0" fileid="8" />
                <SequencePoint vc="0" uspid="146" ordinal="21" offset="228" sl="125" sc="21" el="125" ec="43" bec="0" bev="0" fileid="8" />
                <SequencePoint vc="0" uspid="147" ordinal="22" offset="235" sl="126" sc="17" el="126" ec="18" bec="0" bev="0" fileid="8" />
                <SequencePoint vc="0" uspid="148" ordinal="23" offset="236" sl="129" sc="22" el="129" ec="29" bec="0" bev="0" fileid="8" />
                <SequencePoint vc="0" uspid="149" ordinal="24" offset="243" sl="130" sc="17" el="130" ec="18" bec="0" bev="0" fileid="8" />
                <SequencePoint vc="0" uspid="150" ordinal="25" offset="244" sl="131" sc="21" el="131" ec="63" bec="0" bev="0" fileid="8" />
                <SequencePoint vc="0" uspid="151" ordinal="26" offset="254" sl="132" sc="26" el="132" ec="35" bec="0" bev="0" fileid="8" />
                <SequencePoint vc="0" uspid="152" ordinal="27" offset="262" sl="133" sc="21" el="133" ec="22" bec="0" bev="0" fileid="8" />
                <SequencePoint vc="0" uspid="153" ordinal="28" offset="263" sl="134" sc="25" el="134" ec="75" bec="0" bev="0" fileid="8" />
                <SequencePoint vc="0" uspid="154" ordinal="29" offset="270" sl="135" sc="25" el="135" ec="64" bec="0" bev="0" fileid="8" />
                <SequencePoint vc="0" uspid="155" ordinal="30" offset="279" sl="136" sc="25" el="136" ec="69" bec="0" bev="0" fileid="8" />
                <SequencePoint vc="0" uspid="156" ordinal="31" offset="293" sl="137" sc="25" el="137" ec="62" bec="0" bev="0" fileid="8" />
                <SequencePoint vc="0" uspid="157" ordinal="32" offset="308" sl="138" sc="25" el="138" ec="49" bec="0" bev="0" fileid="8" />
                <SequencePoint vc="0" uspid="158" ordinal="33" offset="322" sl="139" sc="25" el="139" ec="73" bec="0" bev="0" fileid="8" />
                <SequencePoint vc="0" uspid="159" ordinal="34" offset="336" sl="140" sc="25" el="140" ec="60" bec="0" bev="0" fileid="8" />
                <SequencePoint vc="0" uspid="160" ordinal="35" offset="350" sl="142" sc="25" el="142" ec="101" bec="6" bev="0" fileid="8" />
                <SequencePoint vc="0" uspid="161" ordinal="36" offset="437" sl="143" sc="25" el="143" ec="26" bec="0" bev="0" fileid="8" />
                <SequencePoint vc="0" uspid="162" ordinal="37" offset="438" sl="144" sc="29" el="144" ec="65" bec="0" bev="0" fileid="8" />
                <SequencePoint vc="0" uspid="163" ordinal="38" offset="452" sl="145" sc="25" el="145" ec="26" bec="0" bev="0" fileid="8" />
                <SequencePoint vc="0" uspid="164" ordinal="39" offset="453" sl="147" sc="25" el="147" ec="68" bec="0" bev="0" fileid="8" />
                <SequencePoint vc="0" uspid="165" ordinal="40" offset="467" sl="148" sc="25" el="148" ec="47" bec="0" bev="0" fileid="8" />
                <SequencePoint vc="0" uspid="166" ordinal="41" offset="474" sl="149" sc="25" el="149" ec="73" bec="0" bev="0" fileid="8" />
                <SequencePoint vc="0" uspid="167" ordinal="42" offset="492" sl="150" sc="21" el="150" ec="22" bec="0" bev="0" fileid="8" />
                <SequencePoint vc="0" uspid="168" ordinal="43" offset="493" sl="132" sc="45" el="132" ec="48" bec="0" bev="0" fileid="8" />
                <SequencePoint vc="0" uspid="169" ordinal="44" offset="499" sl="132" sc="37" el="132" ec="43" bec="2" bev="0" fileid="8" />
                <SequencePoint vc="0" uspid="170" ordinal="45" offset="514" sl="151" sc="17" el="151" ec="18" bec="0" bev="0" fileid="8" />
                <SequencePoint vc="0" uspid="171" ordinal="46" offset="515" sl="129" sc="36" el="129" ec="39" bec="0" bev="0" fileid="8" />
                <SequencePoint vc="0" uspid="172" ordinal="47" offset="519" sl="129" sc="31" el="129" ec="34" bec="2" bev="0" fileid="8" />
                <SequencePoint vc="0" uspid="173" ordinal="48" offset="532" sl="152" sc="17" el="152" ec="50" bec="0" bev="0" fileid="8" />
                <SequencePoint vc="0" uspid="174" ordinal="49" offset="558" sl="154" sc="9" el="154" ec="10" bec="0" bev="0" fileid="8" />
              </SequencePoints>
              <BranchPoints>
                <BranchPoint vc="0" uspid="175" ordinal="0" offset="27" sl="107" path="0" offsetend="32" fileid="8" />
                <BranchPoint vc="0" uspid="176" ordinal="1" offset="27" sl="107" path="1" offsetend="236" fileid="8" />
                <BranchPoint vc="0" uspid="177" ordinal="2" offset="369" sl="142" path="0" offsetend="371" fileid="8" />
                <BranchPoint vc="0" uspid="178" ordinal="3" offset="369" sl="142" path="1" offsetend="374" fileid="8" />
                <BranchPoint vc="0" uspid="181" ordinal="6" offset="409" sl="142" path="0" offsetend="411" fileid="8" />
                <BranchPoint vc="0" uspid="182" ordinal="7" offset="409" sl="142" path="1" offsetend="414" fileid="8" />
                <BranchPoint vc="0" uspid="183" ordinal="8" offset="435" sl="142" path="0" offsetend="437" fileid="8" />
                <BranchPoint vc="0" uspid="184" ordinal="9" offset="435" sl="142" path="1" offsetend="453" fileid="8" />
                <BranchPoint vc="0" uspid="185" ordinal="10" offset="509" sl="132" path="0" offsetend="514" fileid="8" />
                <BranchPoint vc="0" uspid="186" ordinal="11" offset="509" sl="132" path="1" offsetend="262" fileid="8" />
                <BranchPoint vc="0" uspid="187" ordinal="12" offset="527" sl="129" path="0" offsetend="532" fileid="8" />
                <BranchPoint vc="0" uspid="188" ordinal="13" offset="527" sl="129" path="1" offsetend="243" fileid="8" />
              </BranchPoints>
              <MethodPoint xsi:type="SequencePoint" vc="0" uspid="125" ordinal="0" offset="0" sl="103" sc="9" el="103" ec="10" bec="0" bev="0" fileid="8" />
            </Method>
            <Method visited="false" cyclomaticComplexity="2" nPathComplexity="2" sequenceCoverage="0" branchCoverage="0" crapScore="6" isConstructor="false" isStatic="false" isGetter="false" isSetter="false">
              <Summary numSequencePoints="5" visitedSequencePoints="0" numBranchPoints="3" visitedBranchPoints="0" sequenceCoverage="0" branchCoverage="0" maxCyclomaticComplexity="2" minCyclomaticComplexity="2" maxCrapScore="6" minCrapScore="6" visitedClasses="0" numClasses="0" visitedMethods="0" numMethods="1" />
              <MetadataToken>100663328</MetadataToken>
              <Name>System.Web.Mvc.ActionResult SpaceBook.Controllers.HomeController::Login()</Name>
              <FileRef uid="8" />
              <SequencePoints>
                <SequencePoint vc="0" uspid="189" ordinal="0" offset="0" sl="158" sc="9" el="158" ec="10" bec="0" bev="0" fileid="8" />
                <SequencePoint vc="0" uspid="190" ordinal="1" offset="1" sl="159" sc="13" el="159" ec="43" bec="2" bev="0" fileid="8" />
                <SequencePoint vc="0" uspid="191" ordinal="2" offset="24" sl="160" sc="17" el="160" ec="50" bec="0" bev="0" fileid="8" />
                <SequencePoint vc="0" uspid="192" ordinal="3" offset="38" sl="161" sc="13" el="161" ec="27" bec="0" bev="0" fileid="8" />
                <SequencePoint vc="0" uspid="193" ordinal="4" offset="47" sl="162" sc="9" el="162" ec="10" bec="0" bev="0" fileid="8" />
              </SequencePoints>
              <BranchPoints>
                <BranchPoint vc="0" uspid="194" ordinal="0" offset="22" sl="159" path="0" offsetend="24" fileid="8" />
                <BranchPoint vc="0" uspid="195" ordinal="1" offset="22" sl="159" path="1" offsetend="38" fileid="8" />
              </BranchPoints>
              <MethodPoint xsi:type="SequencePoint" vc="0" uspid="189" ordinal="0" offset="0" sl="158" sc="9" el="158" ec="10" bec="0" bev="0" fileid="8" />
            </Method>
            <Method visited="false" cyclomaticComplexity="6" nPathComplexity="8" sequenceCoverage="0" branchCoverage="0" crapScore="42" isConstructor="false" isStatic="false" isGetter="false" isSetter="false">
              <Summary numSequencePoints="17" visitedSequencePoints="0" numBranchPoints="7" visitedBranchPoints="0" sequenceCoverage="0" branchCoverage="0" maxCyclomaticComplexity="6" minCyclomaticComplexity="6" maxCrapScore="42" minCrapScore="42" visitedClasses="0" numClasses="0" visitedMethods="0" numMethods="1" />
              <MetadataToken>100663329</MetadataToken>
              <Name>System.Web.Mvc.ActionResult SpaceBook.Controllers.HomeController::Login(SpaceBook.Models.User)</Name>
              <FileRef uid="8" />
              <SequencePoints>
                <SequencePoint vc="0" uspid="196" ordinal="0" offset="13" sl="166" sc="9" el="166" ec="10" bec="0" bev="0" fileid="8" />
                <SequencePoint vc="0" uspid="197" ordinal="1" offset="14" sl="167" sc="20" el="167" ec="58" bec="0" bev="0" fileid="8" />
                <SequencePoint vc="0" uspid="198" ordinal="2" offset="20" sl="168" sc="13" el="168" ec="14" bec="0" bev="0" fileid="8" />
                <SequencePoint vc="0" uspid="199" ordinal="3" offset="21" sl="169" sc="17" el="169" ec="105" bec="2" bev="0" fileid="8" />
                <SequencePoint vc="0" uspid="200" ordinal="4" offset="68" sl="170" sc="17" el="170" ec="18" bec="0" bev="0" fileid="8" />
                <SequencePoint vc="0" uspid="201" ordinal="5" offset="69" sl="171" sc="21" el="171" ec="102" bec="0" bev="0" fileid="8" />
                <SequencePoint vc="0" uspid="202" ordinal="6" offset="202" sl="172" sc="21" el="172" ec="38" bec="2" bev="0" fileid="8" />
                <SequencePoint vc="0" uspid="203" ordinal="7" offset="212" sl="173" sc="21" el="173" ec="22" bec="0" bev="0" fileid="8" />
                <SequencePoint vc="0" uspid="204" ordinal="8" offset="213" sl="174" sc="25" el="174" ec="65" bec="2" bev="0" fileid="8" />
                <SequencePoint vc="0" uspid="205" ordinal="9" offset="241" sl="175" sc="25" el="175" ec="26" bec="0" bev="0" fileid="8" />
                <SequencePoint vc="0" uspid="206" ordinal="10" offset="242" sl="176" sc="29" el="176" ec="68" bec="0" bev="0" fileid="8" />
                <SequencePoint vc="0" uspid="207" ordinal="11" offset="274" sl="177" sc="29" el="177" ec="62" bec="0" bev="0" fileid="8" />
                <SequencePoint vc="0" uspid="208" ordinal="12" offset="289" sl="179" sc="21" el="179" ec="22" bec="0" bev="0" fileid="8" />
                <SequencePoint vc="0" uspid="209" ordinal="13" offset="290" sl="180" sc="17" el="180" ec="18" bec="0" bev="0" fileid="8" />
                <SequencePoint vc="0" uspid="210" ordinal="14" offset="291" sl="181" sc="17" el="181" ec="180" bec="0" bev="0" fileid="8" />
                <SequencePoint vc="0" uspid="211" ordinal="15" offset="337" sl="182" sc="17" el="182" ec="50" bec="0" bev="0" fileid="8" />
                <SequencePoint vc="0" uspid="212" ordinal="16" offset="363" sl="184" sc="9" el="184" ec="10" bec="0" bev="0" fileid="8" />
              </SequencePoints>
              <BranchPoints>
                <BranchPoint vc="0" uspid="215" ordinal="2" offset="63" sl="169" path="0" offsetend="68" fileid="8" />
                <BranchPoint vc="0" uspid="216" ordinal="3" offset="63" sl="169" path="1" offsetend="291" fileid="8" />
                <BranchPoint vc="0" uspid="217" ordinal="4" offset="210" sl="172" path="0" offsetend="212" fileid="8" />
                <BranchPoint vc="0" uspid="218" ordinal="5" offset="210" sl="172" path="1" offsetend="290" fileid="8" />
                <BranchPoint vc="0" uspid="219" ordinal="6" offset="239" sl="174" path="0" offsetend="241" fileid="8" />
                <BranchPoint vc="0" uspid="220" ordinal="7" offset="239" sl="174" path="1" offsetend="289" fileid="8" />
              </BranchPoints>
              <MethodPoint vc="0" uspid="221" ordinal="0" offset="0" />
            </Method>
            <Method visited="false" cyclomaticComplexity="1" nPathComplexity="0" sequenceCoverage="0" branchCoverage="0" crapScore="2" isConstructor="false" isStatic="false" isGetter="false" isSetter="false">
              <Summary numSequencePoints="4" visitedSequencePoints="0" numBranchPoints="1" visitedBranchPoints="0" sequenceCoverage="0" branchCoverage="0" maxCyclomaticComplexity="1" minCyclomaticComplexity="1" maxCrapScore="2" minCrapScore="2" visitedClasses="0" numClasses="0" visitedMethods="0" numMethods="1" />
              <MetadataToken>100663330</MetadataToken>
              <Name>System.Web.Mvc.ActionResult SpaceBook.Controllers.HomeController::Logout()</Name>
              <FileRef uid="8" />
              <SequencePoints>
                <SequencePoint vc="0" uspid="222" ordinal="0" offset="0" sl="187" sc="9" el="187" ec="10" bec="0" bev="0" fileid="8" />
                <SequencePoint vc="0" uspid="223" ordinal="1" offset="1" sl="188" sc="13" el="188" ec="31" bec="0" bev="0" fileid="8" />
                <SequencePoint vc="0" uspid="224" ordinal="2" offset="13" sl="189" sc="13" el="189" ec="46" bec="0" bev="0" fileid="8" />
                <SequencePoint vc="0" uspid="225" ordinal="3" offset="27" sl="190" sc="9" el="190" ec="10" bec="0" bev="0" fileid="8" />
              </SequencePoints>
              <BranchPoints />
              <MethodPoint xsi:type="SequencePoint" vc="0" uspid="222" ordinal="0" offset="0" sl="187" sc="9" el="187" ec="10" bec="0" bev="0" fileid="8" />
            </Method>
            <Method visited="false" cyclomaticComplexity="1" nPathComplexity="0" sequenceCoverage="0" branchCoverage="0" crapScore="2" isConstructor="false" isStatic="false" isGetter="false" isSetter="false">
              <Summary numSequencePoints="3" visitedSequencePoints="0" numBranchPoints="1" visitedBranchPoints="0" sequenceCoverage="0" branchCoverage="0" maxCyclomaticComplexity="1" minCyclomaticComplexity="1" maxCrapScore="2" minCrapScore="2" visitedClasses="0" numClasses="0" visitedMethods="0" numMethods="1" />
              <MetadataToken>100663331</MetadataToken>
              <Name>System.Web.Mvc.ActionResult SpaceBook.Controllers.HomeController::Register()</Name>
              <FileRef uid="8" />
              <SequencePoints>
                <SequencePoint vc="0" uspid="226" ordinal="0" offset="0" sl="194" sc="9" el="194" ec="10" bec="0" bev="0" fileid="8" />
                <SequencePoint vc="0" uspid="227" ordinal="1" offset="1" sl="195" sc="13" el="195" ec="27" bec="0" bev="0" fileid="8" />
                <SequencePoint vc="0" uspid="228" ordinal="2" offset="10" sl="196" sc="9" el="196" ec="10" bec="0" bev="0" fileid="8" />
              </SequencePoints>
              <BranchPoints />
              <MethodPoint xsi:type="SequencePoint" vc="0" uspid="226" ordinal="0" offset="0" sl="194" sc="9" el="194" ec="10" bec="0" bev="0" fileid="8" />
            </Method>
            <Method visited="false" cyclomaticComplexity="2" nPathComplexity="0" sequenceCoverage="0" branchCoverage="0" crapScore="6" isConstructor="false" isStatic="false" isGetter="false" isSetter="false">
              <Summary numSequencePoints="4" visitedSequencePoints="0" numBranchPoints="1" visitedBranchPoints="0" sequenceCoverage="0" branchCoverage="0" maxCyclomaticComplexity="2" minCyclomaticComplexity="2" maxCrapScore="6" minCrapScore="6" visitedClasses="0" numClasses="0" visitedMethods="0" numMethods="1" />
              <MetadataToken>100663332</MetadataToken>
              <Name>System.Web.Mvc.ActionResult SpaceBook.Controllers.HomeController::UserRegistration()</Name>
              <FileRef uid="8" />
              <SequencePoints>
                <SequencePoint vc="0" uspid="229" ordinal="0" offset="0" sl="200" sc="9" el="200" ec="10" bec="0" bev="0" fileid="8" />
                <SequencePoint vc="0" uspid="230" ordinal="1" offset="1" sl="201" sc="13" el="201" ec="56" bec="0" bev="0" fileid="8" />
                <SequencePoint vc="0" uspid="231" ordinal="2" offset="99" sl="203" sc="13" el="203" ec="27" bec="0" bev="0" fileid="8" />
                <SequencePoint vc="0" uspid="232" ordinal="3" offset="108" sl="204" sc="9" el="204" ec="10" bec="0" bev="0" fileid="8" />
              </SequencePoints>
              <BranchPoints />
              <MethodPoint xsi:type="SequencePoint" vc="0" uspid="229" ordinal="0" offset="0" sl="200" sc="9" el="200" ec="10" bec="0" bev="0" fileid="8" />
            </Method>
            <Method visited="false" cyclomaticComplexity="11" nPathComplexity="8" sequenceCoverage="0" branchCoverage="0" crapScore="132" isConstructor="false" isStatic="false" isGetter="false" isSetter="false">
              <Summary numSequencePoints="37" visitedSequencePoints="0" numBranchPoints="7" visitedBranchPoints="0" sequenceCoverage="0" branchCoverage="0" maxCyclomaticComplexity="11" minCyclomaticComplexity="11" maxCrapScore="132" minCrapScore="132" visitedClasses="0" numClasses="0" visitedMethods="0" numMethods="1" />
              <MetadataToken>100663333</MetadataToken>
              <Name>System.Web.Mvc.ActionResult SpaceBook.Controllers.HomeController::UserRegistration(SpaceBook.Models.User,System.Web.HttpPostedFileBase)</Name>
              <FileRef uid="8" />
              <SequencePoints>
                <SequencePoint vc="0" uspid="235" ordinal="0" offset="0" sl="208" sc="9" el="208" ec="10" bec="0" bev="0" fileid="8" />
                <SequencePoint vc="0" uspid="236" ordinal="1" offset="1" sl="211" sc="13" el="211" ec="84" bec="0" bev="0" fileid="8" />
                <SequencePoint vc="0" uspid="237" ordinal="2" offset="29" sl="213" sc="20" el="213" ec="58" bec="0" bev="0" fileid="8" />
                <SequencePoint vc="0" uspid="238" ordinal="3" offset="35" sl="214" sc="13" el="214" ec="14" bec="0" bev="0" fileid="8" />
                <SequencePoint vc="0" uspid="239" ordinal="4" offset="36" sl="215" sc="17" el="215" ec="43" bec="0" bev="0" fileid="8" />
                <SequencePoint vc="0" uspid="240" ordinal="5" offset="42" sl="216" sc="17" el="216" ec="40" bec="2" bev="0" fileid="8" />
                <SequencePoint vc="0" uspid="241" ordinal="6" offset="60" sl="217" sc="17" el="217" ec="18" bec="0" bev="0" fileid="8" />
                <SequencePoint vc="0" uspid="242" ordinal="7" offset="61" sl="219" sc="21" el="223" ec="67" bec="2" bev="0" fileid="8" />
                <SequencePoint vc="0" uspid="243" ordinal="8" offset="137" sl="224" sc="21" el="224" ec="22" bec="0" bev="0" fileid="8" />
                <SequencePoint vc="0" uspid="244" ordinal="9" offset="138" sl="228" sc="25" el="228" ec="65" bec="0" bev="0" fileid="8" />
                <SequencePoint vc="0" uspid="245" ordinal="10" offset="151" sl="229" sc="25" el="229" ec="63" bec="0" bev="0" fileid="8" />
                <SequencePoint vc="0" uspid="246" ordinal="11" offset="164" sl="230" sc="25" el="230" ec="57" bec="0" bev="0" fileid="8" />
                <SequencePoint vc="0" uspid="247" ordinal="12" offset="177" sl="231" sc="25" el="231" ec="57" bec="0" bev="0" fileid="8" />
                <SequencePoint vc="0" uspid="248" ordinal="13" offset="190" sl="232" sc="25" el="232" ec="63" bec="0" bev="0" fileid="8" />
                <SequencePoint vc="0" uspid="249" ordinal="14" offset="203" sl="234" sc="25" el="234" ec="42" bec="0" bev="0" fileid="8" />
                <SequencePoint vc="0" uspid="250" ordinal="15" offset="211" sl="235" sc="25" el="235" ec="51" bec="0" bev="0" fileid="8" />
                <SequencePoint vc="0" uspid="251" ordinal="16" offset="224" sl="237" sc="25" el="237" ec="53" bec="0" bev="0" fileid="8" />
                <SequencePoint vc="0" uspid="252" ordinal="17" offset="231" sl="238" sc="25" el="238" ec="53" bec="0" bev="0" fileid="8" />
                <SequencePoint vc="0" uspid="253" ordinal="18" offset="238" sl="239" sc="25" el="239" ec="76" bec="0" bev="0" fileid="8" />
                <SequencePoint vc="0" uspid="254" ordinal="19" offset="245" sl="242" sc="25" el="242" ec="88" bec="2" bev="0" fileid="8" />
                <SequencePoint vc="0" uspid="255" ordinal="20" offset="266" sl="243" sc="25" el="243" ec="26" bec="0" bev="0" fileid="8" />
                <SequencePoint vc="0" uspid="256" ordinal="21" offset="267" sl="245" sc="29" el="245" ec="92" bec="0" bev="0" fileid="8" />
                <SequencePoint vc="0" uspid="257" ordinal="22" offset="280" sl="247" sc="29" el="247" ec="121" bec="0" bev="0" fileid="8" />
                <SequencePoint vc="0" uspid="258" ordinal="23" offset="302" sl="248" sc="29" el="248" ec="71" bec="0" bev="0" fileid="8" />
                <SequencePoint vc="0" uspid="259" ordinal="24" offset="311" sl="249" sc="29" el="249" ec="77" bec="0" bev="0" fileid="8" />
                <SequencePoint vc="0" uspid="260" ordinal="25" offset="320" sl="250" sc="25" el="250" ec="26" bec="0" bev="0" fileid="8" />
                <SequencePoint vc="0" uspid="261" ordinal="26" offset="323" sl="252" sc="25" el="252" ec="26" bec="0" bev="0" fileid="8" />
                <SequencePoint vc="0" uspid="262" ordinal="27" offset="324" sl="254" sc="29" el="254" ec="72" bec="0" bev="0" fileid="8" />
                <SequencePoint vc="0" uspid="263" ordinal="28" offset="336" sl="255" sc="25" el="255" ec="26" bec="0" bev="0" fileid="8" />
                <SequencePoint vc="0" uspid="264" ordinal="29" offset="337" sl="258" sc="25" el="258" ec="52" bec="0" bev="0" fileid="8" />
                <SequencePoint vc="0" uspid="265" ordinal="30" offset="350" sl="259" sc="25" el="259" ec="47" bec="0" bev="0" fileid="8" />
                <SequencePoint vc="0" uspid="266" ordinal="31" offset="357" sl="262" sc="25" el="262" ec="58" bec="0" bev="0" fileid="8" />
                <SequencePoint vc="0" uspid="267" ordinal="32" offset="372" sl="264" sc="17" el="264" ec="18" bec="0" bev="0" fileid="8" />
                <SequencePoint vc="0" uspid="268" ordinal="33" offset="373" sl="265" sc="13" el="265" ec="14" bec="0" bev="0" fileid="8" />
                <SequencePoint vc="0" uspid="269" ordinal="34" offset="387" sl="271" sc="13" el="271" ec="171" bec="0" bev="0" fileid="8" />
                <SequencePoint vc="0" uspid="270" ordinal="35" offset="433" sl="272" sc="13" el="272" ec="57" bec="0" bev="0" fileid="8" />
                <SequencePoint vc="0" uspid="271" ordinal="36" offset="448" sl="273" sc="9" el="273" ec="10" bec="0" bev="0" fileid="8" />
              </SequencePoints>
              <BranchPoints>
                <BranchPoint vc="0" uspid="274" ordinal="2" offset="55" sl="216" path="0" offsetend="60" fileid="8" />
                <BranchPoint vc="0" uspid="275" ordinal="3" offset="55" sl="216" path="1" offsetend="373" fileid="8" />
                <BranchPoint vc="0" uspid="284" ordinal="12" offset="132" sl="219" path="0" offsetend="137" fileid="8" />
                <BranchPoint vc="0" uspid="285" ordinal="13" offset="132" sl="219" path="1" offsetend="372" fileid="8" />
                <BranchPoint vc="0" uspid="288" ordinal="16" offset="264" sl="242" path="0" offsetend="266" fileid="8" />
                <BranchPoint vc="0" uspid="289" ordinal="17" offset="264" sl="242" path="1" offsetend="323" fileid="8" />
              </BranchPoints>
              <MethodPoint xsi:type="SequencePoint" vc="0" uspid="235" ordinal="0" offset="0" sl="208" sc="9" el="208" ec="10" bec="0" bev="0" fileid="8" />
            </Method>
            <Method visited="false" cyclomaticComplexity="4" nPathComplexity="4" sequenceCoverage="0" branchCoverage="0" crapScore="20" isConstructor="false" isStatic="false" isGetter="false" isSetter="false">
              <Summary numSequencePoints="13" visitedSequencePoints="0" numBranchPoints="5" visitedBranchPoints="0" sequenceCoverage="0" branchCoverage="0" maxCyclomaticComplexity="4" minCyclomaticComplexity="4" maxCrapScore="20" minCrapScore="20" visitedClasses="0" numClasses="0" visitedMethods="0" numMethods="1" />
              <MetadataToken>100663334</MetadataToken>
              <Name>System.Web.Mvc.ActionResult SpaceBook.Controllers.HomeController::ViewUserProfile()</Name>
              <FileRef uid="8" />
              <SequencePoints>
                <SequencePoint vc="0" uspid="290" ordinal="0" offset="0" sl="277" sc="9" el="277" ec="10" bec="0" bev="0" fileid="8" />
                <SequencePoint vc="0" uspid="291" ordinal="1" offset="1" sl="278" sc="20" el="278" ec="58" bec="0" bev="0" fileid="8" />
                <SequencePoint vc="0" uspid="292" ordinal="2" offset="7" sl="279" sc="13" el="279" ec="14" bec="0" bev="0" fileid="8" />
                <SequencePoint vc="0" uspid="293" ordinal="3" offset="8" sl="281" sc="17" el="281" ec="47" bec="2" bev="0" fileid="8" />
                <SequencePoint vc="0" uspid="294" ordinal="4" offset="40" sl="282" sc="17" el="282" ec="18" bec="0" bev="0" fileid="8" />
                <SequencePoint vc="0" uspid="295" ordinal="5" offset="41" sl="284" sc="21" el="284" ec="72" bec="0" bev="0" fileid="8" />
                <SequencePoint vc="0" uspid="296" ordinal="6" offset="68" sl="287" sc="21" el="287" ec="117" bec="0" bev="0" fileid="8" />
                <SequencePoint vc="0" uspid="297" ordinal="7" offset="249" sl="290" sc="21" el="290" ec="38" bec="2" bev="0" fileid="8" />
                <SequencePoint vc="0" uspid="298" ordinal="8" offset="259" sl="291" sc="21" el="291" ec="22" bec="0" bev="0" fileid="8" />
                <SequencePoint vc="0" uspid="299" ordinal="9" offset="260" sl="293" sc="25" el="293" ec="43" bec="0" bev="0" fileid="8" />
                <SequencePoint vc="0" uspid="300" ordinal="10" offset="271" sl="295" sc="17" el="295" ec="18" bec="0" bev="0" fileid="8" />
                <SequencePoint vc="0" uspid="301" ordinal="11" offset="272" sl="298" sc="17" el="298" ec="50" bec="0" bev="0" fileid="8" />
                <SequencePoint vc="0" uspid="302" ordinal="12" offset="298" sl="300" sc="9" el="300" ec="10" bec="0" bev="0" fileid="8" />
              </SequencePoints>
              <BranchPoints>
                <BranchPoint vc="0" uspid="303" ordinal="0" offset="29" sl="281" path="0" offsetend="34" fileid="8" />
                <BranchPoint vc="0" uspid="304" ordinal="1" offset="29" sl="281" path="1" offsetend="272" fileid="8" />
                <BranchPoint vc="0" uspid="305" ordinal="2" offset="257" sl="290" path="0" offsetend="259" fileid="8" />
                <BranchPoint vc="0" uspid="306" ordinal="3" offset="257" sl="290" path="1" offsetend="271" fileid="8" />
              </BranchPoints>
              <MethodPoint xsi:type="SequencePoint" vc="0" uspid="290" ordinal="0" offset="0" sl="277" sc="9" el="277" ec="10" bec="0" bev="0" fileid="8" />
            </Method>
            <Method visited="false" cyclomaticComplexity="1" nPathComplexity="0" sequenceCoverage="0" branchCoverage="0" crapScore="2" isConstructor="true" isStatic="false" isGetter="false" isSetter="false">
              <Summary numSequencePoints="0" visitedSequencePoints="0" numBranchPoints="0" visitedBranchPoints="0" sequenceCoverage="0" branchCoverage="0" maxCyclomaticComplexity="1" minCyclomaticComplexity="1" maxCrapScore="2" minCrapScore="2" visitedClasses="0" numClasses="0" visitedMethods="0" numMethods="0" />
              <MetadataToken>100663335</MetadataToken>
              <Name>System.Void SpaceBook.Controllers.HomeController::.ctor()</Name>
              <SequencePoints />
              <BranchPoints />
              <MethodPoint vc="0" uspid="307" ordinal="0" offset="0" />
            </Method>
          </Methods>
        </Class>
        <Class>
[...]
                <SequencePoint vc="0" uspid="343" ordinal="2" offset="8" sl="20" sc="13" el="20" ec="64" bec="0" bev="0" fileid="19" />
                <SequencePoint vc="0" uspid="344" ordinal="3" offset="20" sl="21" sc="9" el="21" ec="10" bec="0" bev="0" fileid="19" />
              </SequencePoints>
              <BranchPoints />
              <MethodPoint xsi:type="SequencePoint" vc="0" uspid="341" ordinal="0" offset="0" sl="18" sc="9" el="18" ec="25" bec="0" bev="0" fileid="19" />
            </Method>
          </Methods>
        </Class>
        <Class>
          <Summary numSequencePoints="6" visitedSequencePoints="0" numBranchPoints="1" visitedBranchPoints="0" sequenceCoverage="0" branchCoverage="0" maxCyclomaticComplexity="1" minCyclomaticComplexity="1" maxCrapScore="2" minCrapScore="2" visitedClasses="0" numClasses="1" visitedMethods="0" numMethods="1" />
          <FullName>SpaceBook.Models.User</FullName>
          <Methods>
            <Method skippedDueTo="AutoImplementedProperty" visited="false" cyclomaticComplexity="1" nPathComplexity="0" sequenceCoverage="0" branchCoverage="0" crapScore="0" isConstructor="false" isStatic="false" isGetter="true" isSetter="false">
              <MetadataToken>100663504</MetadataToken>
              <Name>System.Int32 SpaceBook.Models.User::get_Id()</Name>
              <FileRef uid="20" />
              <SequencePoints />
              <BranchPoints />
            </Method>
            <Method skippedDueTo="AutoImplementedProperty" visited="false" cyclomaticComplexity="1" nPathComplexity="0" sequenceCoverage="0" branchCoverage="0" crapScore="0" isConstructor="false" isStatic="false" isGetter="false" isSetter="true">
              <MetadataToken>100663505</MetadataToken>
              <Name>System.Void SpaceBook.Models.User::set_Id(System.Int32)</Name>
              <FileRef uid="20" />
              <SequencePoints />
              <BranchPoints />
            </Method>
            <Method skippedDueTo="AutoImplementedProperty" visited="false" cyclomaticComplexity="1" nPathComplexity="0" sequenceCoverage="0" branchCoverage="0" crapScore="0" isConstructor="false" isStatic="false" isGetter="true" isSetter="false">
              <MetadataToken>100663506</MetadataToken>
              <Name>System.String SpaceBook.Models.User::get_Email()</Name>
              <FileRef uid="20" />
              <SequencePoints />
              <BranchPoints />
            </Method>
            <Method skippedDueTo="AutoImplementedProperty" visited="false" cyclomaticComplexity="1" nPathComplexity="0" sequenceCoverage="0" branchCoverage="0" crapScore="0" isConstructor="false" isStatic="false" isGetter="false" isSetter="true">
              <MetadataToken>100663507</MetadataToken>
              <Name>System.Void SpaceBook.Models.User::set_Email(System.String)</Name>
              <FileRef uid="20" />
              <SequencePoints />
              <BranchPoints />
            </Method>
            <Method skippedDueTo="AutoImplementedProperty" visited="false" cyclomaticComplexity="1" nPathComplexity="0" sequenceCoverage="0" branchCoverage="0" crapScore="0" isConstructor="false" isStatic="false" isGetter="true" isSetter="false">
              <MetadataToken>100663508</MetadataToken>
              <Name>System.String SpaceBook.Models.User::get_Phone()</Name>
              <FileRef uid="20" />
              <SequencePoints />
              <BranchPoints />
            </Method>
            <Method skippedDueTo="AutoImplementedProperty" visited="false" cyclomaticComplexity="1" nPathComplexity="0" sequenceCoverage="0" branchCoverage="0" crapScore="0" isConstructor="false" isStatic="false" isGetter="false" isSetter="true">
              <MetadataToken>100663509</MetadataToken>
              <Name>System.Void SpaceBook.Models.User::set_Phone(System.String)</Name>
              <FileRef uid="20" />
              <SequencePoints />
              <BranchPoints />
            </Method>
            <Method skippedDueTo="AutoImplementedProperty" visited="false" cyclomaticComplexity="1" nPathComplexity="0" sequenceCoverage="0" branchCoverage="0" crapScore="0" isConstructor="false" isStatic="false" isGetter="true" isSetter="false">
              <MetadataToken>100663510</MetadataToken>
              <Name>System.Int32 SpaceBook.Models.User::get_Type()</Name>
              <FileRef uid="20" />
              <SequencePoints />
              <BranchPoints />
            </Method>
            <Method skippedDueTo="AutoImplementedProperty" visited="false" cyclomaticComplexity="1" nPathComplexity="0" sequenceCoverage="0" branchCoverage="0" crapScore="0" isConstructor="false" isStatic="false" isGetter="false" isSetter="true">
              <MetadataToken>100663511</MetadataToken>
              <Name>System.Void SpaceBook.Models.User::set_Type(System.Int32)</Name>
              <FileRef uid="20" />
              <SequencePoints />
              <BranchPoints />
            </Method>
            <Method skippedDueTo="AutoImplementedProperty" visited="false" cyclomaticComplexity="1" nPathComplexity="0" sequenceCoverage="0" branchCoverage="0" crapScore="0" isConstructor="false" isStatic="false" isGetter="true" isSetter="false">
              <MetadataToken>100663512</MetadataToken>
              <Name>System.Nullable`1&lt;System.Boolean&gt; SpaceBook.Models.User::get_ActiveFlag()</Name>
              <FileRef uid="20" />
              <SequencePoints />
              <BranchPoints />
            </Method>
            <Method skippedDueTo="AutoImplementedProperty" visited="false" cyclomaticComplexity="1" nPathComplexity="0" sequenceCoverage="0" branchCoverage="0" crapScore="0" isConstructor="false" isStatic="false" isGetter="false" isSetter="true">
              <MetadataToken>100663513</MetadataToken>
              <Name>System.Void SpaceBook.Models.User::set_ActiveFlag(System.Nullable`1&lt;System.Boolean&gt;)</Name>
              <FileRef uid="20" />
              <SequencePoints />
              <BranchPoints />
            </Method>
            <Method skippedDueTo="AutoImplementedProperty" visited="false" cyclomaticComplexity="1" nPathComplexity="0" sequenceCoverage="0" branchCoverage="0" crapScore="0" isConstructor="false" isStatic="false" isGetter="true" isSetter="false">
              <MetadataToken>100663514</MetadataToken>
              <Name>System.String SpaceBook.Models.User::get_Password()</Name>
              <FileRef uid="20" />
              <SequencePoints />
              <BranchPoints />
            </Method>
            <Method skippedDueTo="AutoImplementedProperty" visited="false" cyclomaticComplexity="1" nPathComplexity="0" sequenceCoverage="0" branchCoverage="0" crapScore="0" isConstructor="false" isStatic="false" isGetter="false" isSetter="true">
              <MetadataToken>100663515</MetadataToken>
              <Name>System.Void SpaceBook.Models.User::set_Password(System.String)</Name>
              <FileRef uid="20" />
              <SequencePoints />
              <BranchPoints />
            </Method>
            <Method skippedDueTo="AutoImplementedProperty" visited="false" cyclomaticComplexity="1" nPathComplexity="0" sequenceCoverage="0" branchCoverage="0" crapScore="0" isConstructor="false" isStatic="false" isGetter="true" isSetter="false">
              <MetadataToken>100663516</MetadataToken>
              <Name>System.String SpaceBook.Models.User::get_FirstName()</Name>
              <FileRef uid="20" />
              <SequencePoints />
              <BranchPoints />
            </Method>
            <Method skippedDueTo="AutoImplementedProperty" visited="false" cyclomaticComplexity="1" nPathComplexity="0" sequenceCoverage="0" branchCoverage="0" crapScore="0" isConstructor="false" isStatic="false" isGetter="false" isSetter="true">
              <MetadataToken>100663517</MetadataToken>
              <Name>System.Void SpaceBook.Models.User::set_FirstName(System.String)</Name>
              <FileRef uid="20" />
              <SequencePoints />
              <BranchPoints />
            </Method>
            <Method skippedDueTo="AutoImplementedProperty" visited="false" cyclomaticComplexity="1" nPathComplexity="0" sequenceCoverage="0" branchCoverage="0" crapScore="0" isConstructor="false" isStatic="false" isGetter="true" isSetter="false">
              <MetadataToken>100663518</MetadataToken>
              <Name>System.String SpaceBook.Models.User::get_LastName()</Name>
              <FileRef uid="20" />
              <SequencePoints />
              <BranchPoints />
            </Method>
            <Method skippedDueTo="AutoImplementedProperty" visited="false" cyclomaticComplexity="1" nPathComplexity="0" sequenceCoverage="0" branchCoverage="0" crapScore="0" isConstructor="false" isStatic="false" isGetter="false" isSetter="true">
              <MetadataToken>100663519</MetadataToken>
              <Name>System.Void SpaceBook.Models.User::set_LastName(System.String)</Name>
              <FileRef uid="20" />
              <SequencePoints />
              <BranchPoints />
            </Method>
            <Method skippedDueTo="AutoImplementedProperty" visited="false" cyclomaticComplexity="1" nPathComplexity="0" sequenceCoverage="0" branchCoverage="0" crapScore="0" isConstructor="false" isStatic="false" isGetter="true" isSetter="false">
              <MetadataToken>100663520</MetadataToken>
              <Name>System.String SpaceBook.Models.User::get_ProfilePicFilename()</Name>
              <FileRef uid="20" />
              <SequencePoints />
              <BranchPoints />
            </Method>
            <Method skippedDueTo="AutoImplementedProperty" visited="false" cyclomaticComplexity="1" nPathComplexity="0" sequenceCoverage="0" branchCoverage="0" crapScore="0" isConstructor="false" isStatic="false" isGetter="false" isSetter="true">
              <MetadataToken>100663521</MetadataToken>
              <Name>System.Void SpaceBook.Models.User::set_ProfilePicFilename(System.String)</Name>
              <FileRef uid="20" />
              <SequencePoints />
              <BranchPoints />
            </Method>
            <Method skippedDueTo="AutoImplementedProperty" visited="false" cyclomaticComplexity="1" nPathComplexity="0" sequenceCoverage="0" branchCoverage="0" crapScore="0" isConstructor="false" isStatic="false" isGetter="true" isSetter="false">
              <MetadataToken>100663522</MetadataToken>
              <Name>System.Collections.Generic.ICollection`1&lt;SpaceBook.Models.Booking&gt; SpaceBook.Models.User::get_Bookings()</Name>
              <FileRef uid="20" />
              <SequencePoints />
              <BranchPoints />
            </Method>
            <Method skippedDueTo="AutoImplementedProperty" visited="false" cyclomaticComplexity="1" nPathComplexity="0" sequenceCoverage="0" branchCoverage="0" crapScore="0" isConstructor="false" isStatic="false" isGetter="false" isSetter="true">
              <MetadataToken>100663523</MetadataToken>
              <Name>System.Void SpaceBook.Models.User::set_Bookings(System.Collections.Generic.ICollection`1&lt;SpaceBook.Models.Booking&gt;)</Name>
              <FileRef uid="20" />
              <SequencePoints />
              <BranchPoints />
            </Method>
            <Method skippedDueTo="AutoImplementedProperty" visited="false" cyclomaticComplexity="1" nPathComplexity="0" sequenceCoverage="0" branchCoverage="0" crapScore="0" isConstructor="false" isStatic="false" isGetter="true" isSetter="false">
              <MetadataToken>100663524</MetadataToken>
              <Name>System.Collections.Generic.ICollection`1&lt;SpaceBook.Models.Notification&gt; SpaceBook.Models.User::get_Notifications()</Name>
              <FileRef uid="20" />
              <SequencePoints />
              <BranchPoints />
            </Method>
            <Method skippedDueTo="AutoImplementedProperty" visited="false" cyclomaticComplexity="1" nPathComplexity="0" sequenceCoverage="0" branchCoverage="0" crapScore="0" isConstructor="false" isStatic="false" isGetter="false" isSetter="true">
              <MetadataToken>100663525</MetadataToken>
              <Name>System.Void SpaceBook.Models.User::set_Notifications(System.Collections.Generic.ICollection`1&lt;SpaceBook.Models.Notification&gt;)</Name>
              <FileRef uid="20" />
              <SequencePoints />
              <BranchPoints />
            </Method>
            <Method skippedDueTo="AutoImplementedProperty" visited="false" cyclomaticComplexity="1" nPathComplexity="0" sequenceCoverage="0" branchCoverage="0" crapScore="0" isConstructor="false" isStatic="false" isGetter="true" isSetter="false">
              <MetadataToken>100663526</MetadataToken>
              <Name>System.Collections.Generic.ICollection`1&lt;SpaceBook.Models.Review&gt; SpaceBook.Models.User::get_Reviews()</Name>
              <FileRef uid="20" />
              <SequencePoints />
              <BranchPoints />
            </Method>
            <Method skippedDueTo="AutoImplementedProperty" visited="false" cyclomaticComplexity="1" nPathComplexity="0" sequenceCoverage="0" branchCoverage="0" crapScore="0" isConstructor="false" isStatic="false" isGetter="false" isSetter="true">
              <MetadataToken>100663527</MetadataToken>
              <Name>System.Void SpaceBook.Models.User::set_Reviews(System.Collections.Generic.ICollection`1&lt;SpaceBook.Models.Review&gt;)</Name>
              <FileRef uid="20" />
              <SequencePoints />
              <BranchPoints />
            </Method>
            <Method visited="false" cyclomaticComplexity="1" nPathComplexity="0" sequenceCoverage="0" branchCoverage="0" crapScore="2" isConstructor="true" isStatic="false" isGetter="false" isSetter="false">
              <Summary numSequencePoints="6" visitedSequencePoints="0" numBranchPoints="1" visitedBranchPoints="0" sequenceCoverage="0" branchCoverage="0" maxCyclomaticComplexity="1" minCyclomaticComplexity="1" maxCrapScore="2" minCrapScore="2" visitedClasses="0" numClasses="0" visitedMethods="0" numMethods="1" />
              <MetadataToken>100663503</MetadataToken>
              <Name>System.Void SpaceBook.Models.User::.ctor()</Name>
              <FileRef uid="20" />
              <SequencePoints>
                <SequencePoint vc="0" uspid="345" ordinal="0" offset="0" sl="18" sc="9" el="18" ec="22" bec="0" bev="0" fileid="20" />
                <SequencePoint vc="0" uspid="346" ordinal="1" offset="7" sl="19" sc="9" el="19" ec="10" bec="0" bev="0" fileid="20" />
                <SequencePoint vc="0" uspid="347" ordinal="2" offset="8" sl="20" sc="13" el="20" ec="52" bec="0" bev="0" fileid="20" />
                <SequencePoint vc="0" uspid="348" ordinal="3" offset="20" sl="21" sc="13" el="21" ec="62" bec="0" bev="0" fileid="20" />
                <SequencePoint vc="0" uspid="349" ordinal="4" offset="32" sl="22" sc="13" el="22" ec="50" bec="0" bev="0" fileid="20" />
                <SequencePoint vc="0" uspid="350" ordinal="5" offset="44" sl="23" sc="9" el="23" ec="10" bec="0" bev="0" fileid="20" />
              </SequencePoints>
              <BranchPoints />
              <MethodPoint xsi:type="SequencePoint" vc="0" uspid="345" ordinal="0" offset="0" sl="18" sc="9" el="18" ec="22" bec="0" bev="0" fileid="20" />
            </Method>
          </Methods>
        </Class>
        <Class>
          <Summary numSequencePoints="0" visitedSequencePoints="0" numBranchPoints="0" visitedBranchPoints="0" sequenceCoverage="0" branchCoverage="0" maxCyclomaticComplexity="1" minCyclomaticComplexity="1" maxCrapScore="2" minCrapScore="2" visitedClasses="0" numClasses="0" visitedMethods="0" numMethods="0" />
          <FullName>SpaceBook.Models.UserType</FullName>
          <Methods>
            <Method skippedDueTo="AutoImplementedProperty" visited="false" cyclomaticComplexity="1" nPathComplexity="0" sequenceCoverage="0" branchCoverage="0" crapScore="0" isConstructor="false" isStatic="false" isGetter="true" isSetter="false">
              <MetadataToken>100663528</MetadataToken>
              <Name>System.Int32 SpaceBook.Models.UserType::get_Id()</Name>
              <FileRef uid="21" />
              <SequencePoints />
              <BranchPoints />
            </Method>
            <Method skippedDueTo="AutoImplementedProperty" visited="false" cyclomaticComplexity="1" nPathComplexity="0" sequenceCoverage="0" branchCoverage="0" crapScore="0" isConstructor="false" isStatic="false" isGetter="false" isSetter="true">
              <MetadataToken>100663529</MetadataToken>
              <Name>System.Void SpaceBook.Models.UserType::set_Id(System.Int32)</Name>
              <FileRef uid="21" />
              <SequencePoints />
              <BranchPoints />
            </Method>
            <Method skippedDueTo="AutoImplementedProperty" visited="false" cyclomaticComplexity="1" nPathComplexity="0" sequenceCoverage="0" branchCoverage="0" crapScore="0" isConstructor="false" isStatic="false" isGetter="true" isSetter="false">
              <MetadataToken>100663530</MetadataToken>
              <Name>System.String SpaceBook.Models.UserType::get_Name()</Name>
              <FileRef uid="21" />
              <SequencePoints />
              <BranchPoints />
            </Method>
            <Method skippedDueTo="AutoImplementedProperty" visited="false" cyclomaticComplexity="1" nPathComplexity="0" sequenceCoverage="0" branchCoverage="0" crapScore="0" isConstructor="false" isStatic="false" isGetter="false" isSetter="true">
              <MetadataToken>100663531</MetadataToken>
              <Name>System.Void SpaceBook.Models.UserType::set_Name(System.String)</Name>
              <FileRef uid="21" />
              <SequencePoints />
              <BranchPoints />
            </Method>
            <Method visited="false" cyclomaticComplexity="1" nPathComplexity="0" sequenceCoverage="0" branchCoverage="0" crapScore="2" isConstructor="true" isStatic="false" isGetter="false" isSetter="false">
              <Summary numSequencePoints="0" visitedSequencePoints="0" numBranchPoints="0" visitedBranchPoints="0" sequenceCoverage="0" branchCoverage="0" maxCyclomaticComplexity="1" minCyclomaticComplexity="1" maxCrapScore="2" minCrapScore="2" visitedClasses="0" numClasses="0" visitedMethods="0" numMethods="0" />
              <MetadataToken>100663532</MetadataToken>
              <Name>System.Void SpaceBook.Models.UserType::.ctor()</Name>
              <SequencePoints />
              <BranchPoints />
              <MethodPoint vc="0" uspid="351" ordinal="0" offset="0" />
            </Method>
          </Methods>
        </Class>
        <Class>
          <Summary numSequencePoints="0" visitedSequencePoints="0" numBranchPoints="0" visitedBranchPoints="0" sequenceCoverage="0" branchCoverage="0" maxCyclomaticComplexity="1" minCyclomaticComplexity="1" maxCrapScore="2" minCrapScore="2" visitedClasses="0" numClasses="0" visitedMethods="0" numMethods="0" />
          <FullName>SpaceBook.Models.MetaData.UserMetaData</FullName>
          <Methods>
            <Method visited="false" cyclomaticComplexity="1" nPathComplexity="0" sequenceCoverage="0" branchCoverage="0" crapScore="2" isConstructor="true" isStatic="false" isGetter="false" isSetter="false">
              <Summary numSequencePoints="0" visitedSequencePoints="0" numBranchPoints="0" visitedBranchPoints="0" sequenceCoverage="0" branchCoverage="0" maxCyclomaticComplexity="1" minCyclomaticComplexity="1" maxCrapScore="2" minCrapScore="2" visitedClasses="0" numClasses="0" visitedMethods="0" numMethods="0" />
              <MetadataToken>100663533</MetadataToken>
              <Name>System.Void SpaceBook.Models.MetaData.UserMetaData::.ctor()</Name>
              <SequencePoints />
              <BranchPoints />
              <MethodPoint vc="0" uspid="352" ordinal="0" offset="0" />
            </Method>
          </Methods>
        </Class>
      </Classes>
      <TrackedMethods />
    </Module>
  </Modules>
</CoverageSession>